#
# A fatal error has been detected by the Java Runtime Environment:
#
#  SIGSEGV (0xb) at pc=0x00007fff70b46a6f, pid=931, tid=22275
#
# JRE version: Java(TM) SE Runtime Environment (11.0.6+8) (build 11.0.6+8-LTS)
# Java VM: Java HotSpot(TM) 64-Bit Server VM (11.0.6+8-LTS, mixed mode, tiered, compressed oops, g1 gc, bsd-amd64)
# Problematic frame:
# C  [libsystem_malloc.dylib+0x6a6f]  tiny_free_list_add_ptr+0x185
#
# No core dump will be written. Core dumps have been disabled. To enable core dumping, try "ulimit -c unlimited" before starting Java again
#
# If you would like to submit a bug report, please visit:
#   http://bugreport.java.com/bugreport/crash.jsp
# The crash happened outside the Java Virtual Machine in native code.
# See problematic frame for where to report the bug.
#

---------------  S U M M A R Y ------------

Command Line: -agentlib:jdwp=transport=dt_socket,server=n,suspend=y,address=localhost:49541 -Djava.library.path=/Users/kevinchen/Documents/Code Files/Code VSCode/Programming_2020_InfRch/7167_InfiniteRecharge_2020_ActFNL2-Imported/build/tmp/jniExtractDir -Dfile.encoding=UTF-8 frc.robot.Main

Host: MacBookPro13,3 x86_64 2600 MHz, 8 cores, 16G, Darwin 19.6.0
Time: Thu Mar 11 15:58:08 2021 PST elapsed time: 564 seconds (0d 0h 9m 24s)

---------------  T H R E A D  ---------------

Current thread (0x00007fc0f0094000):  JavaThread "JDWP Transport Listener: dt_socket" daemon [_thread_in_native, id=22275, stack(0x00007000041fc000,0x00007000042fc000)]

Stack: [0x00007000041fc000,0x00007000042fc000],  sp=0x00007000042fb9d0,  free space=1022k
Native frames: (J=compiled Java code, A=aot compiled Java code, j=interpreted, Vv=VM code, C=native code)
C  [libsystem_malloc.dylib+0x6a6f]  tiny_free_list_add_ptr+0x185
C  [libsystem_malloc.dylib+0x62d6]  tiny_free_no_lock+0x457
C  [libsystem_malloc.dylib+0x5d8b]  free_tiny+0x1cb
C  [libhalsim_gui.dylib+0x34f3a]  _ZN5glass18NetworkTablesModelD2Ev+0x7a
C  [libhalsim_gui.dylib+0x34f9e]  _ZN5glass18NetworkTablesModelD0Ev+0xe
C  [libsystem_c.dylib+0x5a13c]  __cxa_finalize_ranges+0x13f
C  [libsystem_c.dylib+0x5a412]  exit+0x37
C  [libjdwp.dylib+0xd889]  set_event_notification+0x0
C  [libjdwp.dylib+0x9b4e]  doExit+0x5a
C  [libjdwp.dylib+0xefa4]  debugLoop_run+0x1f1
C  [libjdwp.dylib+0x200cf]  attachThread+0x4c
V  [libjvm.dylib+0x4c2062]  _ZN16JvmtiAgentThread19call_start_functionEv+0x38
V  [libjvm.dylib+0x6ed0e8]  _ZN10JavaThread17thread_main_innerEv+0x82
V  [libjvm.dylib+0x6ecf33]  _ZN10JavaThread3runEv+0x1a3
V  [libjvm.dylib+0x6eafa8]  _ZN6Thread8call_runEv+0x60
V  [libjvm.dylib+0x5efda3]  _ZL19thread_native_entryP6Thread+0x139
C  [libsystem_pthread.dylib+0x6109]  _pthread_start+0x94
C  [libsystem_pthread.dylib+0x1b8b]  thread_start+0xf


siginfo: si_signo: 11 (SIGSEGV), si_code: 0 (unknown), si_addr: 0x0000000000000000

Register to memory mapping:

RAX=0x000000009121b172 is an unknown value
RBX=0x00000000af41af7d is an unknown value
RCX=0x000000009122402b is an unknown value
RDX=0x00007fc0ef0370f0 points into unknown readable memory: 30 ab 4f 35 01 00 00 00
RSP=0x00007000042fb9d0 is pointing into the stack for thread: 0x00007fc0f0094000
RBP=0x00007000042fba00 is pointing into the stack for thread: 0x00007fc0f0094000
RSI=0x000007fc0ef0370f is an unknown value
RDI=0x000000010d8a7080 points into unknown readable memory: 00 00 00 00 01 00 00 00
R8 =0x0000000000003307 is an unknown value
R9 =0x000000000000000a is an unknown value
R10=0x00007fc0ef000000 points into unknown readable memory: 00 00 00 00 00 00 00 00
R11=0x00007fc0ef0336b0 points into unknown readable memory: 00 00 00 03 57 61 74 63
R12=0x0000000000000006 is an unknown value
R13=0x900007fc0ef0370f is an unknown value
R14=0x6374615703000000 is an unknown value
R15=0x3746157030000000 is an unknown value


Registers:
RAX=0x000000009121b172, RBX=0x00000000af41af7d, RCX=0x000000009122402b, RDX=0x00007fc0ef0370f0
RSP=0x00007000042fb9d0, RBP=0x00007000042fba00, RSI=0x000007fc0ef0370f, RDI=0x000000010d8a7080
R8 =0x0000000000003307, R9 =0x000000000000000a, R10=0x00007fc0ef000000, R11=0x00007fc0ef0336b0
R12=0x0000000000000006, R13=0x900007fc0ef0370f, R14=0x6374615703000000, R15=0x3746157030000000
RIP=0x00007fff70b46a6f, EFLAGS=0x0000000000010286, ERR=0x0000000000000000
  TRAPNO=0x000000000000000d

Top of Stack: (sp=0x00007000042fb9d0)
0x00007000042fb9d0:   00007fc0ef000000 000000000000000b
0x00007000042fb9e0:   00007fc0ef0370f0 00007fc0ef0370f0
0x00007000042fb9f0:   0000000000000080 000000010d8acc00
0x00007000042fba00:   00007000042fba90 00007fff70b462d6
0x00007000042fba10:   00007000042fba80 00007fc0ee700000
0x00007000042fba20:   00007fc0ee7c0d30 00007fc000000005
0x00007000042fba30:   0000000300000002 00007fc0ef000000
0x00007000042fba40:   00007fc0ef0370f0 00007fc0ef037170
0x00007000042fba50:   000000000000000b 000000010d8a7080
0x00007000042fba60:   000000010d8acc00 0000000000000005
0x00007000042fba70:   000000010d8acc00 0000000000000006
0x00007000042fba80:   000000010d8a7080 00007fc0ef000000
0x00007000042fba90:   00007000042fbb00 00007fff70b45d8b
0x00007000042fbaa0:   0000700000000000 00007fff70b44385
0x00007000042fbab0:   000000010d8a6000 00007fc0ef000000
0x00007000042fbac0:   00000000042fbb00 00007fc0ef0370f0
0x00007000042fbad0:   000000010d8a0008 00007fc0eece9928
0x00007000042fbae0:   0000000000000002 00007fc0f080bc00
0x00007000042fbaf0:   00007fc0ee60a4f0 0000000000001ee0
0x00007000042fbb00:   00007000042fbb30 0000000135244f3a
0x00007000042fbb10:   00000001354f9b50 00007fc0ee60a4f0
0x00007000042fbb20:   00000000000001c0 000000000000000e
0x00007000042fbb30:   00007000042fbb50 0000000135244f9e
0x00007000042fbb40:   00000001354f9b50 0000000000000000
0x00007000042fbb50:   00007000042fbba0 00007fff70a3413c
0x00007000042fbb60:   000000010d9a2188 0000000000000008
0x00007000042fbb70:   0000000000000000 0000000000000000
0x00007000042fbb80:   000000010d9227a0 000000010d91e00b
0x00007000042fbb90:   0000000000000000 00007000042fbc68
0x00007000042fbba0:   00007000042fbbc0 00007fff70a34412
0x00007000042fbbb0:   0000000000000000 0000000000000000
0x00007000042fbbc0:   00007000042fbbe0 000000010d902889 

Instructions: (pc=0x00007fff70b46a6f)
0x00007fff70b46a4f:   4c 89 e8 48 c1 e8 28 01 c8 4c 89 e9 48 c1 e9 30
0x00007fff70b46a5f:   01 c1 49 c1 ed 38 41 01 cd 49 c1 e5 3c 49 09 f5
0x00007fff70b46a6f:   4d 89 6f 08 e9 67 01 00 00 41 83 7a 18 ff 0f 84
0x00007fff70b46a7f:   06 02 00 00 4e 8b 74 ce 20 4d 85 f6 0f 84 07 02 

Stack slot to memory mapping:
stack at sp + 0 slots: 0x00007fc0ef000000 points into unknown readable memory: 00 00 00 00 00 00 00 00
stack at sp + 1 slots: 0x000000000000000b is an unknown value
stack at sp + 2 slots: 0x00007fc0ef0370f0 points into unknown readable memory: 30 ab 4f 35 01 00 00 00
stack at sp + 3 slots: 0x00007fc0ef0370f0 points into unknown readable memory: 30 ab 4f 35 01 00 00 00
stack at sp + 4 slots: 0x0000000000000080 is an unknown value
stack at sp + 5 slots: 0x000000010d8acc00 points into unknown readable memory: 02 57 00 00 00 00 00 00
stack at sp + 6 slots: 0x00007000042fba90 is pointing into the stack for thread: 0x00007fc0f0094000
stack at sp + 7 slots: 0x00007fff70b462d6: tiny_free_no_lock+0x457 in /usr/lib/system/libsystem_malloc.dylib at 0x00007fff70b40000


---------------  P R O C E S S  ---------------

Threads class SMR info:
_java_thread_list=0x00007fc0ee526910, length=17, elements={
0x00007fc0ef80a000, 0x00007fc0f0090800, 0x00007fc0f3008800, 0x00007fc0f0093000,
0x00007fc0f0018800, 0x00007fc0f3809000, 0x00007fc0ef8a9000, 0x00007fc0f0094000,
0x00007fc0f3809800, 0x00007fc0f380d000, 0x00007fc0f080b000, 0x00007fc0ee826800,
0x00007fc0efa46800, 0x00007fc0ee91c800, 0x00007fc0f3856000, 0x00007fc0f08fc000,
0x00007fc0ee8ef800
}

Java Threads: ( => current thread )
  0x00007fc0ef80a000 JavaThread "main" [_thread_in_native, id=775, stack(0x00007ffee1b78000,0x00007ffee2378000)]
  0x00007fc0f0090800 JavaThread "Reference Handler" daemon [_thread_blocked, id=19203, stack(0x0000700003ae4000,0x0000700003be4000)]
  0x00007fc0f3008800 JavaThread "Finalizer" daemon [_thread_blocked, id=13059, stack(0x0000700003be7000,0x0000700003ce7000)]
  0x00007fc0f0093000 JavaThread "Signal Dispatcher" daemon [_thread_blocked, id=15619, stack(0x0000700003df0000,0x0000700003ef0000)]
  0x00007fc0f0018800 JavaThread "C2 CompilerThread0" daemon [_thread_blocked, id=17155, stack(0x0000700003ef3000,0x0000700003ff3000)]
  0x00007fc0f3809000 JavaThread "C1 CompilerThread0" daemon [_thread_blocked, id=16387, stack(0x0000700003ff6000,0x00007000040f6000)]
  0x00007fc0ef8a9000 JavaThread "Sweeper thread" daemon [_thread_blocked, id=22019, stack(0x00007000040f9000,0x00007000041f9000)]
=>0x00007fc0f0094000 JavaThread "JDWP Transport Listener: dt_socket" daemon [_thread_in_native, id=22275, stack(0x00007000041fc000,0x00007000042fc000)]
  0x00007fc0f3809800 JavaThread "JDWP Event Helper Thread" daemon [_thread_blocked, id=42755, stack(0x00007000042ff000,0x00007000043ff000)]
  0x00007fc0f380d000 JavaThread "JDWP Command Reader" daemon [_thread_in_vm, id=42243, stack(0x0000700004402000,0x0000700004502000)]
  0x00007fc0f080b000 JavaThread "Service Thread" daemon [_thread_blocked, id=41987, stack(0x0000700004505000,0x0000700004605000)]
  0x00007fc0ee826800 JavaThread "Common-Cleaner" daemon [_thread_blocked, id=40963, stack(0x000070000470b000,0x000070000480b000)]
  0x00007fc0efa46800 JavaThread "robot main" daemon [_thread_in_native, id=76035, stack(0x0000700004c26000,0x0000700004d26000)]
  0x00007fc0ee91c800 JavaThread "Thread-0" daemon [_thread_in_native, id=60175, stack(0x0000700004d29000,0x0000700004e29000)]
  0x00007fc0f3856000 JavaThread "FRCDriverStation" daemon [_thread_in_native, id=70659, stack(0x0000700004f2f000,0x000070000502f000)]
  0x00007fc0f08fc000 JavaThread "NTEntryListener" daemon [_thread_in_native, id=61443, stack(0x0000700005138000,0x0000700005238000)]
  0x00007fc0ee8ef800 JavaThread "Thread-1" daemon [_thread_blocked, id=61955, stack(0x000070000523b000,0x000070000533b000)]

Other Threads:
  0x00007fc0ee821000 VMThread "VM Thread" [stack: 0x00007000039e1000,0x0000700003ae1000] [id=12291]
  0x00007fc0f0869800 WatcherThread [stack: 0x0000700004608000,0x0000700004708000] [id=41475]
  0x00007fc0f001f800 GCTaskThread "GC Thread#0" [stack: 0x00007000034d2000,0x00007000035d2000] [id=21251]
  0x00007fc0f0194800 GCTaskThread "GC Thread#1" [stack: 0x0000700004e2c000,0x0000700004f2c000] [id=14087]
  0x00007fc0ee8d0000 GCTaskThread "GC Thread#2" [stack: 0x000070000533e000,0x000070000543e000] [id=43527]
  0x00007fc0f0195800 GCTaskThread "GC Thread#3" [stack: 0x0000700005441000,0x0000700005541000] [id=83719]
  0x00007fc0ee9ea000 GCTaskThread "GC Thread#4" [stack: 0x0000700005544000,0x0000700005644000] [id=59655]
  0x00007fc0ee9eb000 GCTaskThread "GC Thread#5" [stack: 0x0000700005647000,0x0000700005747000] [id=17671]
  0x00007fc0f0055000 ConcurrentGCThread "G1 Main Marker" [stack: 0x00007000035d5000,0x00007000036d5000] [id=20995]
  0x00007fc0f080a800 ConcurrentGCThread "G1 Conc#0" [stack: 0x00007000036d8000,0x00007000037d8000] [id=20227]
  0x00007fc0ef898800 ConcurrentGCThread "G1 Refine#0" [stack: 0x00007000037db000,0x00007000038db000] [id=19971]
  0x00007fc0ef899800 ConcurrentGCThread "G1 Young RemSet Sampling" [stack: 0x00007000038de000,0x00007000039de000] [id=12035]

Threads with active compile tasks:

VM state:not at safepoint (normal execution)

VM Mutex/Monitor currently owned by a thread: None

Heap address: 0x0000000700000000, size: 4096 MB, Compressed Oops mode: Zero based, Oop shift amount: 3
Narrow klass base: 0x0000000800000000, Narrow klass shift: 0
Compressed class space size: 1073741824 Address: 0x0000000800000000

Heap:
 garbage-first heap   total 262144K, used 11522K [0x0000000700000000, 0x0000000800000000)
  region size 1024K, 13 young (13312K), 4 survivors (4096K)
 Metaspace       used 16052K, capacity 16437K, committed 16896K, reserved 1064960K
  class space    used 1558K, capacity 1698K, committed 1792K, reserved 1048576K
Heap Regions: E=young(eden), S=young(survivor), O=old, HS=humongous(starts), HC=humongous(continues), CS=collection set, F=free, A=archive, TAMS=top-at-mark-start (previous, next)
|   0|0x0000000700000000, 0x0000000700000000, 0x0000000700100000|  0%| F|  |TAMS 0x0000000700000000, 0x0000000700000000| Untracked 
|   1|0x0000000700100000, 0x0000000700100000, 0x0000000700200000|  0%| F|  |TAMS 0x0000000700100000, 0x0000000700100000| Untracked 
|   2|0x0000000700200000, 0x0000000700200000, 0x0000000700300000|  0%| F|  |TAMS 0x0000000700200000, 0x0000000700200000| Untracked 
|   3|0x0000000700300000, 0x0000000700300000, 0x0000000700400000|  0%| F|  |TAMS 0x0000000700300000, 0x0000000700300000| Untracked 
|   4|0x0000000700400000, 0x0000000700400000, 0x0000000700500000|  0%| F|  |TAMS 0x0000000700400000, 0x0000000700400000| Untracked 
|   5|0x0000000700500000, 0x0000000700500000, 0x0000000700600000|  0%| F|  |TAMS 0x0000000700500000, 0x0000000700500000| Untracked 
|   6|0x0000000700600000, 0x0000000700600000, 0x0000000700700000|  0%| F|  |TAMS 0x0000000700600000, 0x0000000700600000| Untracked 
|   7|0x0000000700700000, 0x0000000700700000, 0x0000000700800000|  0%| F|  |TAMS 0x0000000700700000, 0x0000000700700000| Untracked 
|   8|0x0000000700800000, 0x0000000700800000, 0x0000000700900000|  0%| F|  |TAMS 0x0000000700800000, 0x0000000700800000| Untracked 
|   9|0x0000000700900000, 0x0000000700900000, 0x0000000700a00000|  0%| F|  |TAMS 0x0000000700900000, 0x0000000700900000| Untracked 
|  10|0x0000000700a00000, 0x0000000700a00000, 0x0000000700b00000|  0%| F|  |TAMS 0x0000000700a00000, 0x0000000700a00000| Untracked 
|  11|0x0000000700b00000, 0x0000000700b00000, 0x0000000700c00000|  0%| F|  |TAMS 0x0000000700b00000, 0x0000000700b00000| Untracked 
|  12|0x0000000700c00000, 0x0000000700c00000, 0x0000000700d00000|  0%| F|  |TAMS 0x0000000700c00000, 0x0000000700c00000| Untracked 
|  13|0x0000000700d00000, 0x0000000700d00000, 0x0000000700e00000|  0%| F|  |TAMS 0x0000000700d00000, 0x0000000700d00000| Untracked 
|  14|0x0000000700e00000, 0x0000000700e00000, 0x0000000700f00000|  0%| F|  |TAMS 0x0000000700e00000, 0x0000000700e00000| Untracked 
|  15|0x0000000700f00000, 0x0000000700f00000, 0x0000000701000000|  0%| F|  |TAMS 0x0000000700f00000, 0x0000000700f00000| Untracked 
|  16|0x0000000701000000, 0x0000000701000000, 0x0000000701100000|  0%| F|  |TAMS 0x0000000701000000, 0x0000000701000000| Untracked 
|  17|0x0000000701100000, 0x0000000701100000, 0x0000000701200000|  0%| F|  |TAMS 0x0000000701100000, 0x0000000701100000| Untracked 
|  18|0x0000000701200000, 0x0000000701200000, 0x0000000701300000|  0%| F|  |TAMS 0x0000000701200000, 0x0000000701200000| Untracked 
|  19|0x0000000701300000, 0x0000000701300000, 0x0000000701400000|  0%| F|  |TAMS 0x0000000701300000, 0x0000000701300000| Untracked 
|  20|0x0000000701400000, 0x0000000701400000, 0x0000000701500000|  0%| F|  |TAMS 0x0000000701400000, 0x0000000701400000| Untracked 
|  21|0x0000000701500000, 0x0000000701500000, 0x0000000701600000|  0%| F|  |TAMS 0x0000000701500000, 0x0000000701500000| Untracked 
|  22|0x0000000701600000, 0x0000000701600000, 0x0000000701700000|  0%| F|  |TAMS 0x0000000701600000, 0x0000000701600000| Untracked 
|  23|0x0000000701700000, 0x0000000701700000, 0x0000000701800000|  0%| F|  |TAMS 0x0000000701700000, 0x0000000701700000| Untracked 
|  24|0x0000000701800000, 0x0000000701800000, 0x0000000701900000|  0%| F|  |TAMS 0x0000000701800000, 0x0000000701800000| Untracked 
|  25|0x0000000701900000, 0x0000000701900000, 0x0000000701a00000|  0%| F|  |TAMS 0x0000000701900000, 0x0000000701900000| Untracked 
|  26|0x0000000701a00000, 0x0000000701a00000, 0x0000000701b00000|  0%| F|  |TAMS 0x0000000701a00000, 0x0000000701a00000| Untracked 
|  27|0x0000000701b00000, 0x0000000701b00000, 0x0000000701c00000|  0%| F|  |TAMS 0x0000000701b00000, 0x0000000701b00000| Untracked 
|  28|0x0000000701c00000, 0x0000000701c00000, 0x0000000701d00000|  0%| F|  |TAMS 0x0000000701c00000, 0x0000000701c00000| Untracked 
|  29|0x0000000701d00000, 0x0000000701d00000, 0x0000000701e00000|  0%| F|  |TAMS 0x0000000701d00000, 0x0000000701d00000| Untracked 
|  30|0x0000000701e00000, 0x0000000701e00000, 0x0000000701f00000|  0%| F|  |TAMS 0x0000000701e00000, 0x0000000701e00000| Untracked 
|  31|0x0000000701f00000, 0x0000000701f00000, 0x0000000702000000|  0%| F|  |TAMS 0x0000000701f00000, 0x0000000701f00000| Untracked 
|  32|0x0000000702000000, 0x0000000702000000, 0x0000000702100000|  0%| F|  |TAMS 0x0000000702000000, 0x0000000702000000| Untracked 
|  33|0x0000000702100000, 0x0000000702100000, 0x0000000702200000|  0%| F|  |TAMS 0x0000000702100000, 0x0000000702100000| Untracked 
|  34|0x0000000702200000, 0x0000000702200000, 0x0000000702300000|  0%| F|  |TAMS 0x0000000702200000, 0x0000000702200000| Untracked 
|  35|0x0000000702300000, 0x0000000702300000, 0x0000000702400000|  0%| F|  |TAMS 0x0000000702300000, 0x0000000702300000| Untracked 
|  36|0x0000000702400000, 0x0000000702400000, 0x0000000702500000|  0%| F|  |TAMS 0x0000000702400000, 0x0000000702400000| Untracked 
|  37|0x0000000702500000, 0x0000000702500000, 0x0000000702600000|  0%| F|  |TAMS 0x0000000702500000, 0x0000000702500000| Untracked 
|  38|0x0000000702600000, 0x0000000702600000, 0x0000000702700000|  0%| F|  |TAMS 0x0000000702600000, 0x0000000702600000| Untracked 
|  39|0x0000000702700000, 0x0000000702700000, 0x0000000702800000|  0%| F|  |TAMS 0x0000000702700000, 0x0000000702700000| Untracked 
|  40|0x0000000702800000, 0x0000000702800000, 0x0000000702900000|  0%| F|  |TAMS 0x0000000702800000, 0x0000000702800000| Untracked 
|  41|0x0000000702900000, 0x0000000702900000, 0x0000000702a00000|  0%| F|  |TAMS 0x0000000702900000, 0x0000000702900000| Untracked 
|  42|0x0000000702a00000, 0x0000000702a00000, 0x0000000702b00000|  0%| F|  |TAMS 0x0000000702a00000, 0x0000000702a00000| Untracked 
|  43|0x0000000702b00000, 0x0000000702b00000, 0x0000000702c00000|  0%| F|  |TAMS 0x0000000702b00000, 0x0000000702b00000| Untracked 
|  44|0x0000000702c00000, 0x0000000702c00000, 0x0000000702d00000|  0%| F|  |TAMS 0x0000000702c00000, 0x0000000702c00000| Untracked 
|  45|0x0000000702d00000, 0x0000000702d00000, 0x0000000702e00000|  0%| F|  |TAMS 0x0000000702d00000, 0x0000000702d00000| Untracked 
|  46|0x0000000702e00000, 0x0000000702e00000, 0x0000000702f00000|  0%| F|  |TAMS 0x0000000702e00000, 0x0000000702e00000| Untracked 
|  47|0x0000000702f00000, 0x0000000702f00000, 0x0000000703000000|  0%| F|  |TAMS 0x0000000702f00000, 0x0000000702f00000| Untracked 
|  48|0x0000000703000000, 0x0000000703000000, 0x0000000703100000|  0%| F|  |TAMS 0x0000000703000000, 0x0000000703000000| Untracked 
|  49|0x0000000703100000, 0x0000000703100000, 0x0000000703200000|  0%| F|  |TAMS 0x0000000703100000, 0x0000000703100000| Untracked 
|  50|0x0000000703200000, 0x0000000703200000, 0x0000000703300000|  0%| F|  |TAMS 0x0000000703200000, 0x0000000703200000| Untracked 
|  51|0x0000000703300000, 0x0000000703300000, 0x0000000703400000|  0%| F|  |TAMS 0x0000000703300000, 0x0000000703300000| Untracked 
|  52|0x0000000703400000, 0x0000000703400000, 0x0000000703500000|  0%| F|  |TAMS 0x0000000703400000, 0x0000000703400000| Untracked 
|  53|0x0000000703500000, 0x0000000703500000, 0x0000000703600000|  0%| F|  |TAMS 0x0000000703500000, 0x0000000703500000| Untracked 
|  54|0x0000000703600000, 0x0000000703600000, 0x0000000703700000|  0%| F|  |TAMS 0x0000000703600000, 0x0000000703600000| Untracked 
|  55|0x0000000703700000, 0x0000000703700000, 0x0000000703800000|  0%| F|  |TAMS 0x0000000703700000, 0x0000000703700000| Untracked 
|  56|0x0000000703800000, 0x0000000703800000, 0x0000000703900000|  0%| F|  |TAMS 0x0000000703800000, 0x0000000703800000| Untracked 
|  57|0x0000000703900000, 0x0000000703900000, 0x0000000703a00000|  0%| F|  |TAMS 0x0000000703900000, 0x0000000703900000| Untracked 
|  58|0x0000000703a00000, 0x0000000703a00000, 0x0000000703b00000|  0%| F|  |TAMS 0x0000000703a00000, 0x0000000703a00000| Untracked 
|  59|0x0000000703b00000, 0x0000000703b00000, 0x0000000703c00000|  0%| F|  |TAMS 0x0000000703b00000, 0x0000000703b00000| Untracked 
|  60|0x0000000703c00000, 0x0000000703c00000, 0x0000000703d00000|  0%| F|  |TAMS 0x0000000703c00000, 0x0000000703c00000| Untracked 
|  61|0x0000000703d00000, 0x0000000703d00000, 0x0000000703e00000|  0%| F|  |TAMS 0x0000000703d00000, 0x0000000703d00000| Untracked 
|  62|0x0000000703e00000, 0x0000000703e00000, 0x0000000703f00000|  0%| F|  |TAMS 0x0000000703e00000, 0x0000000703e00000| Untracked 
|  63|0x0000000703f00000, 0x0000000703f00000, 0x0000000704000000|  0%| F|  |TAMS 0x0000000703f00000, 0x0000000703f00000| Untracked 
|  64|0x0000000704000000, 0x0000000704000000, 0x0000000704100000|  0%| F|  |TAMS 0x0000000704000000, 0x0000000704000000| Untracked 
|  65|0x0000000704100000, 0x0000000704100000, 0x0000000704200000|  0%| F|  |TAMS 0x0000000704100000, 0x0000000704100000| Untracked 
|  66|0x0000000704200000, 0x0000000704200000, 0x0000000704300000|  0%| F|  |TAMS 0x0000000704200000, 0x0000000704200000| Untracked 
|  67|0x0000000704300000, 0x0000000704300000, 0x0000000704400000|  0%| F|  |TAMS 0x0000000704300000, 0x0000000704300000| Untracked 
|  68|0x0000000704400000, 0x0000000704400000, 0x0000000704500000|  0%| F|  |TAMS 0x0000000704400000, 0x0000000704400000| Untracked 
|  69|0x0000000704500000, 0x0000000704500000, 0x0000000704600000|  0%| F|  |TAMS 0x0000000704500000, 0x0000000704500000| Untracked 
|  70|0x0000000704600000, 0x0000000704600000, 0x0000000704700000|  0%| F|  |TAMS 0x0000000704600000, 0x0000000704600000| Untracked 
|  71|0x0000000704700000, 0x0000000704700000, 0x0000000704800000|  0%| F|  |TAMS 0x0000000704700000, 0x0000000704700000| Untracked 
|  72|0x0000000704800000, 0x0000000704800000, 0x0000000704900000|  0%| F|  |TAMS 0x0000000704800000, 0x0000000704800000| Untracked 
|  73|0x0000000704900000, 0x0000000704900000, 0x0000000704a00000|  0%| F|  |TAMS 0x0000000704900000, 0x0000000704900000| Untracked 
|  74|0x0000000704a00000, 0x0000000704a00000, 0x0000000704b00000|  0%| F|  |TAMS 0x0000000704a00000, 0x0000000704a00000| Untracked 
|  75|0x0000000704b00000, 0x0000000704b00000, 0x0000000704c00000|  0%| F|  |TAMS 0x0000000704b00000, 0x0000000704b00000| Untracked 
|  76|0x0000000704c00000, 0x0000000704c00000, 0x0000000704d00000|  0%| F|  |TAMS 0x0000000704c00000, 0x0000000704c00000| Untracked 
|  77|0x0000000704d00000, 0x0000000704d00000, 0x0000000704e00000|  0%| F|  |TAMS 0x0000000704d00000, 0x0000000704d00000| Untracked 
|  78|0x0000000704e00000, 0x0000000704e00000, 0x0000000704f00000|  0%| F|  |TAMS 0x0000000704e00000, 0x0000000704e00000| Untracked 
|  79|0x0000000704f00000, 0x0000000704f00000, 0x0000000705000000|  0%| F|  |TAMS 0x0000000704f00000, 0x0000000704f00000| Untracked 
|  80|0x0000000705000000, 0x0000000705000000, 0x0000000705100000|  0%| F|  |TAMS 0x0000000705000000, 0x0000000705000000| Untracked 
|  81|0x0000000705100000, 0x0000000705100000, 0x0000000705200000|  0%| F|  |TAMS 0x0000000705100000, 0x0000000705100000| Untracked 
|  82|0x0000000705200000, 0x0000000705200000, 0x0000000705300000|  0%| F|  |TAMS 0x0000000705200000, 0x0000000705200000| Untracked 
|  83|0x0000000705300000, 0x0000000705300000, 0x0000000705400000|  0%| F|  |TAMS 0x0000000705300000, 0x0000000705300000| Untracked 
|  84|0x0000000705400000, 0x0000000705400000, 0x0000000705500000|  0%| F|  |TAMS 0x0000000705400000, 0x0000000705400000| Untracked 
|  85|0x0000000705500000, 0x0000000705500000, 0x0000000705600000|  0%| F|  |TAMS 0x0000000705500000, 0x0000000705500000| Untracked 
|  86|0x0000000705600000, 0x0000000705600000, 0x0000000705700000|  0%| F|  |TAMS 0x0000000705600000, 0x0000000705600000| Untracked 
|  87|0x0000000705700000, 0x0000000705700000, 0x0000000705800000|  0%| F|  |TAMS 0x0000000705700000, 0x0000000705700000| Untracked 
|  88|0x0000000705800000, 0x0000000705800000, 0x0000000705900000|  0%| F|  |TAMS 0x0000000705800000, 0x0000000705800000| Untracked 
|  89|0x0000000705900000, 0x0000000705900000, 0x0000000705a00000|  0%| F|  |TAMS 0x0000000705900000, 0x0000000705900000| Untracked 
|  90|0x0000000705a00000, 0x0000000705a00000, 0x0000000705b00000|  0%| F|  |TAMS 0x0000000705a00000, 0x0000000705a00000| Untracked 
|  91|0x0000000705b00000, 0x0000000705b00000, 0x0000000705c00000|  0%| F|  |TAMS 0x0000000705b00000, 0x0000000705b00000| Untracked 
|  92|0x0000000705c00000, 0x0000000705c00000, 0x0000000705d00000|  0%| F|  |TAMS 0x0000000705c00000, 0x0000000705c00000| Untracked 
|  93|0x0000000705d00000, 0x0000000705d00000, 0x0000000705e00000|  0%| F|  |TAMS 0x0000000705d00000, 0x0000000705d00000| Untracked 
|  94|0x0000000705e00000, 0x0000000705e00000, 0x0000000705f00000|  0%| F|  |TAMS 0x0000000705e00000, 0x0000000705e00000| Untracked 
|  95|0x0000000705f00000, 0x0000000705f00000, 0x0000000706000000|  0%| F|  |TAMS 0x0000000705f00000, 0x0000000705f00000| Untracked 
|  96|0x0000000706000000, 0x0000000706000000, 0x0000000706100000|  0%| F|  |TAMS 0x0000000706000000, 0x0000000706000000| Untracked 
|  97|0x0000000706100000, 0x0000000706100000, 0x0000000706200000|  0%| F|  |TAMS 0x0000000706100000, 0x0000000706100000| Untracked 
|  98|0x0000000706200000, 0x0000000706200000, 0x0000000706300000|  0%| F|  |TAMS 0x0000000706200000, 0x0000000706200000| Untracked 
|  99|0x0000000706300000, 0x0000000706300000, 0x0000000706400000|  0%| F|  |TAMS 0x0000000706300000, 0x0000000706300000| Untracked 
| 100|0x0000000706400000, 0x0000000706440bc0, 0x0000000706500000| 25%| S|CS|TAMS 0x0000000706400000, 0x0000000706400000| Complete 
| 101|0x0000000706500000, 0x0000000706600000, 0x0000000706600000|100%| S|CS|TAMS 0x0000000706500000, 0x0000000706500000| Complete 
| 102|0x0000000706600000, 0x0000000706700000, 0x0000000706700000|100%| S|CS|TAMS 0x0000000706600000, 0x0000000706600000| Complete 
| 103|0x0000000706700000, 0x0000000706700000, 0x0000000706800000|  0%| F|  |TAMS 0x0000000706700000, 0x0000000706700000| Untracked 
| 104|0x0000000706800000, 0x0000000706800000, 0x0000000706900000|  0%| F|  |TAMS 0x0000000706800000, 0x0000000706800000| Untracked 
| 105|0x0000000706900000, 0x0000000706900000, 0x0000000706a00000|  0%| F|  |TAMS 0x0000000706900000, 0x0000000706900000| Untracked 
| 106|0x0000000706a00000, 0x0000000706b00000, 0x0000000706b00000|100%| S|CS|TAMS 0x0000000706a00000, 0x0000000706a00000| Complete 
| 107|0x0000000706b00000, 0x0000000706b00000, 0x0000000706c00000|  0%| F|  |TAMS 0x0000000706b00000, 0x0000000706b00000| Untracked 
| 108|0x0000000706c00000, 0x0000000706c00000, 0x0000000706d00000|  0%| F|  |TAMS 0x0000000706c00000, 0x0000000706c00000| Untracked 
| 109|0x0000000706d00000, 0x0000000706d00000, 0x0000000706e00000|  0%| F|  |TAMS 0x0000000706d00000, 0x0000000706d00000| Untracked 
| 110|0x0000000706e00000, 0x0000000706e00000, 0x0000000706f00000|  0%| F|  |TAMS 0x0000000706e00000, 0x0000000706e00000| Untracked 
| 111|0x0000000706f00000, 0x0000000706f00000, 0x0000000707000000|  0%| F|  |TAMS 0x0000000706f00000, 0x0000000706f00000| Untracked 
| 112|0x0000000707000000, 0x0000000707000000, 0x0000000707100000|  0%| F|  |TAMS 0x0000000707000000, 0x0000000707000000| Untracked 
| 113|0x0000000707100000, 0x0000000707100000, 0x0000000707200000|  0%| F|  |TAMS 0x0000000707100000, 0x0000000707100000| Untracked 
| 114|0x0000000707200000, 0x0000000707200000, 0x0000000707300000|  0%| F|  |TAMS 0x0000000707200000, 0x0000000707200000| Untracked 
| 115|0x0000000707300000, 0x0000000707300000, 0x0000000707400000|  0%| F|  |TAMS 0x0000000707300000, 0x0000000707300000| Untracked 
| 116|0x0000000707400000, 0x0000000707400000, 0x0000000707500000|  0%| F|  |TAMS 0x0000000707400000, 0x0000000707400000| Untracked 
| 117|0x0000000707500000, 0x0000000707500000, 0x0000000707600000|  0%| F|  |TAMS 0x0000000707500000, 0x0000000707500000| Untracked 
| 118|0x0000000707600000, 0x0000000707600000, 0x0000000707700000|  0%| F|  |TAMS 0x0000000707600000, 0x0000000707600000| Untracked 
| 119|0x0000000707700000, 0x0000000707700000, 0x0000000707800000|  0%| F|  |TAMS 0x0000000707700000, 0x0000000707700000| Untracked 
| 120|0x0000000707800000, 0x0000000707800000, 0x0000000707900000|  0%| F|  |TAMS 0x0000000707800000, 0x0000000707800000| Untracked 
| 121|0x0000000707900000, 0x0000000707900000, 0x0000000707a00000|  0%| F|  |TAMS 0x0000000707900000, 0x0000000707900000| Untracked 
| 122|0x0000000707a00000, 0x0000000707a00000, 0x0000000707b00000|  0%| F|  |TAMS 0x0000000707a00000, 0x0000000707a00000| Untracked 
| 123|0x0000000707b00000, 0x0000000707b00000, 0x0000000707c00000|  0%| F|  |TAMS 0x0000000707b00000, 0x0000000707b00000| Untracked 
| 124|0x0000000707c00000, 0x0000000707c00000, 0x0000000707d00000|  0%| F|  |TAMS 0x0000000707c00000, 0x0000000707c00000| Untracked 
| 125|0x0000000707d00000, 0x0000000707d00000, 0x0000000707e00000|  0%| F|  |TAMS 0x0000000707d00000, 0x0000000707d00000| Untracked 
| 126|0x0000000707e00000, 0x0000000707e00000, 0x0000000707f00000|  0%| F|  |TAMS 0x0000000707e00000, 0x0000000707e00000| Untracked 
| 127|0x0000000707f00000, 0x0000000707f00000, 0x0000000708000000|  0%| F|  |TAMS 0x0000000707f00000, 0x0000000707f00000| Untracked 
| 128|0x0000000708000000, 0x0000000708000000, 0x0000000708100000|  0%| F|  |TAMS 0x0000000708000000, 0x0000000708000000| Untracked 
| 129|0x0000000708100000, 0x0000000708100000, 0x0000000708200000|  0%| F|  |TAMS 0x0000000708100000, 0x0000000708100000| Untracked 
| 130|0x0000000708200000, 0x0000000708200000, 0x0000000708300000|  0%| F|  |TAMS 0x0000000708200000, 0x0000000708200000| Untracked 
| 131|0x0000000708300000, 0x0000000708300000, 0x0000000708400000|  0%| F|  |TAMS 0x0000000708300000, 0x0000000708300000| Untracked 
| 132|0x0000000708400000, 0x0000000708400000, 0x0000000708500000|  0%| F|  |TAMS 0x0000000708400000, 0x0000000708400000| Untracked 
| 133|0x0000000708500000, 0x0000000708500000, 0x0000000708600000|  0%| F|  |TAMS 0x0000000708500000, 0x0000000708500000| Untracked 
| 134|0x0000000708600000, 0x0000000708600000, 0x0000000708700000|  0%| F|  |TAMS 0x0000000708600000, 0x0000000708600000| Untracked 
| 135|0x0000000708700000, 0x0000000708700000, 0x0000000708800000|  0%| F|  |TAMS 0x0000000708700000, 0x0000000708700000| Untracked 
| 136|0x0000000708800000, 0x0000000708800000, 0x0000000708900000|  0%| F|  |TAMS 0x0000000708800000, 0x0000000708800000| Untracked 
| 137|0x0000000708900000, 0x0000000708900000, 0x0000000708a00000|  0%| F|  |TAMS 0x0000000708900000, 0x0000000708900000| Untracked 
| 138|0x0000000708a00000, 0x0000000708a00000, 0x0000000708b00000|  0%| F|  |TAMS 0x0000000708a00000, 0x0000000708a00000| Untracked 
| 139|0x0000000708b00000, 0x0000000708b00000, 0x0000000708c00000|  0%| F|  |TAMS 0x0000000708b00000, 0x0000000708b00000| Untracked 
| 140|0x0000000708c00000, 0x0000000708c00000, 0x0000000708d00000|  0%| F|  |TAMS 0x0000000708c00000, 0x0000000708c00000| Untracked 
| 141|0x0000000708d00000, 0x0000000708d00000, 0x0000000708e00000|  0%| F|  |TAMS 0x0000000708d00000, 0x0000000708d00000| Untracked 
| 142|0x0000000708e00000, 0x0000000708e00000, 0x0000000708f00000|  0%| F|  |TAMS 0x0000000708e00000, 0x0000000708e00000| Untracked 
| 143|0x0000000708f00000, 0x0000000708f00000, 0x0000000709000000|  0%| F|  |TAMS 0x0000000708f00000, 0x0000000708f00000| Untracked 
| 144|0x0000000709000000, 0x0000000709000000, 0x0000000709100000|  0%| F|  |TAMS 0x0000000709000000, 0x0000000709000000| Untracked 
| 145|0x0000000709100000, 0x0000000709100000, 0x0000000709200000|  0%| F|  |TAMS 0x0000000709100000, 0x0000000709100000| Untracked 
| 146|0x0000000709200000, 0x0000000709200000, 0x0000000709300000|  0%| F|  |TAMS 0x0000000709200000, 0x0000000709200000| Untracked 
| 147|0x0000000709300000, 0x0000000709300000, 0x0000000709400000|  0%| F|  |TAMS 0x0000000709300000, 0x0000000709300000| Untracked 
| 148|0x0000000709400000, 0x0000000709400000, 0x0000000709500000|  0%| F|  |TAMS 0x0000000709400000, 0x0000000709400000| Untracked 
| 149|0x0000000709500000, 0x0000000709500000, 0x0000000709600000|  0%| F|  |TAMS 0x0000000709500000, 0x0000000709500000| Untracked 
| 150|0x0000000709600000, 0x0000000709600000, 0x0000000709700000|  0%| F|  |TAMS 0x0000000709600000, 0x0000000709600000| Untracked 
| 151|0x0000000709700000, 0x0000000709700000, 0x0000000709800000|  0%| F|  |TAMS 0x0000000709700000, 0x0000000709700000| Untracked 
| 152|0x0000000709800000, 0x0000000709800000, 0x0000000709900000|  0%| F|  |TAMS 0x0000000709800000, 0x0000000709800000| Untracked 
| 153|0x0000000709900000, 0x0000000709900000, 0x0000000709a00000|  0%| F|  |TAMS 0x0000000709900000, 0x0000000709900000| Untracked 
| 154|0x0000000709a00000, 0x0000000709a00000, 0x0000000709b00000|  0%| F|  |TAMS 0x0000000709a00000, 0x0000000709a00000| Untracked 
| 155|0x0000000709b00000, 0x0000000709b00000, 0x0000000709c00000|  0%| F|  |TAMS 0x0000000709b00000, 0x0000000709b00000| Untracked 
| 156|0x0000000709c00000, 0x0000000709c00000, 0x0000000709d00000|  0%| F|  |TAMS 0x0000000709c00000, 0x0000000709c00000| Untracked 
| 157|0x0000000709d00000, 0x0000000709d00000, 0x0000000709e00000|  0%| F|  |TAMS 0x0000000709d00000, 0x0000000709d00000| Untracked 
| 158|0x0000000709e00000, 0x0000000709e00000, 0x0000000709f00000|  0%| F|  |TAMS 0x0000000709e00000, 0x0000000709e00000| Untracked 
| 159|0x0000000709f00000, 0x0000000709f00000, 0x000000070a000000|  0%| F|  |TAMS 0x0000000709f00000, 0x0000000709f00000| Untracked 
| 160|0x000000070a000000, 0x000000070a000000, 0x000000070a100000|  0%| F|  |TAMS 0x000000070a000000, 0x000000070a000000| Untracked 
| 161|0x000000070a100000, 0x000000070a100000, 0x000000070a200000|  0%| F|  |TAMS 0x000000070a100000, 0x000000070a100000| Untracked 
| 162|0x000000070a200000, 0x000000070a200000, 0x000000070a300000|  0%| F|  |TAMS 0x000000070a200000, 0x000000070a200000| Untracked 
| 163|0x000000070a300000, 0x000000070a300000, 0x000000070a400000|  0%| F|  |TAMS 0x000000070a300000, 0x000000070a300000| Untracked 
| 164|0x000000070a400000, 0x000000070a400000, 0x000000070a500000|  0%| F|  |TAMS 0x000000070a400000, 0x000000070a400000| Untracked 
| 165|0x000000070a500000, 0x000000070a500000, 0x000000070a600000|  0%| F|  |TAMS 0x000000070a500000, 0x000000070a500000| Untracked 
| 166|0x000000070a600000, 0x000000070a600000, 0x000000070a700000|  0%| F|  |TAMS 0x000000070a600000, 0x000000070a600000| Untracked 
| 167|0x000000070a700000, 0x000000070a700000, 0x000000070a800000|  0%| F|  |TAMS 0x000000070a700000, 0x000000070a700000| Untracked 
| 168|0x000000070a800000, 0x000000070a800000, 0x000000070a900000|  0%| F|  |TAMS 0x000000070a800000, 0x000000070a800000| Untracked 
| 169|0x000000070a900000, 0x000000070a900000, 0x000000070aa00000|  0%| F|  |TAMS 0x000000070a900000, 0x000000070a900000| Untracked 
| 170|0x000000070aa00000, 0x000000070aa00000, 0x000000070ab00000|  0%| F|  |TAMS 0x000000070aa00000, 0x000000070aa00000| Untracked 
| 171|0x000000070ab00000, 0x000000070ab00000, 0x000000070ac00000|  0%| F|  |TAMS 0x000000070ab00000, 0x000000070ab00000| Untracked 
| 172|0x000000070ac00000, 0x000000070ac00000, 0x000000070ad00000|  0%| F|  |TAMS 0x000000070ac00000, 0x000000070ac00000| Untracked 
| 173|0x000000070ad00000, 0x000000070ad00000, 0x000000070ae00000|  0%| F|  |TAMS 0x000000070ad00000, 0x000000070ad00000| Untracked 
| 174|0x000000070ae00000, 0x000000070ae00000, 0x000000070af00000|  0%| F|  |TAMS 0x000000070ae00000, 0x000000070ae00000| Untracked 
| 175|0x000000070af00000, 0x000000070af00000, 0x000000070b000000|  0%| F|  |TAMS 0x000000070af00000, 0x000000070af00000| Untracked 
| 176|0x000000070b000000, 0x000000070b000000, 0x000000070b100000|  0%| F|  |TAMS 0x000000070b000000, 0x000000070b000000| Untracked 
| 177|0x000000070b100000, 0x000000070b100000, 0x000000070b200000|  0%| F|  |TAMS 0x000000070b100000, 0x000000070b100000| Untracked 
| 178|0x000000070b200000, 0x000000070b200000, 0x000000070b300000|  0%| F|  |TAMS 0x000000070b200000, 0x000000070b200000| Untracked 
| 179|0x000000070b300000, 0x000000070b300000, 0x000000070b400000|  0%| F|  |TAMS 0x000000070b300000, 0x000000070b300000| Untracked 
| 180|0x000000070b400000, 0x000000070b400000, 0x000000070b500000|  0%| F|  |TAMS 0x000000070b400000, 0x000000070b400000| Untracked 
| 181|0x000000070b500000, 0x000000070b500000, 0x000000070b600000|  0%| F|  |TAMS 0x000000070b500000, 0x000000070b500000| Untracked 
| 182|0x000000070b600000, 0x000000070b600000, 0x000000070b700000|  0%| F|  |TAMS 0x000000070b600000, 0x000000070b600000| Untracked 
| 183|0x000000070b700000, 0x000000070b700000, 0x000000070b800000|  0%| F|  |TAMS 0x000000070b700000, 0x000000070b700000| Untracked 
| 184|0x000000070b800000, 0x000000070b800000, 0x000000070b900000|  0%| F|  |TAMS 0x000000070b800000, 0x000000070b800000| Untracked 
| 185|0x000000070b900000, 0x000000070b900000, 0x000000070ba00000|  0%| F|  |TAMS 0x000000070b900000, 0x000000070b900000| Untracked 
| 186|0x000000070ba00000, 0x000000070ba00000, 0x000000070bb00000|  0%| F|  |TAMS 0x000000070ba00000, 0x000000070ba00000| Untracked 
| 187|0x000000070bb00000, 0x000000070bb00000, 0x000000070bc00000|  0%| F|  |TAMS 0x000000070bb00000, 0x000000070bb00000| Untracked 
| 188|0x000000070bc00000, 0x000000070bc00000, 0x000000070bd00000|  0%| F|  |TAMS 0x000000070bc00000, 0x000000070bc00000| Untracked 
| 189|0x000000070bd00000, 0x000000070bd00000, 0x000000070be00000|  0%| F|  |TAMS 0x000000070bd00000, 0x000000070bd00000| Untracked 
| 190|0x000000070be00000, 0x000000070be00000, 0x000000070bf00000|  0%| F|  |TAMS 0x000000070be00000, 0x000000070be00000| Untracked 
| 191|0x000000070bf00000, 0x000000070bf00000, 0x000000070c000000|  0%| F|  |TAMS 0x000000070bf00000, 0x000000070bf00000| Untracked 
| 192|0x000000070c000000, 0x000000070c000000, 0x000000070c100000|  0%| F|  |TAMS 0x000000070c000000, 0x000000070c000000| Untracked 
| 193|0x000000070c100000, 0x000000070c100000, 0x000000070c200000|  0%| F|  |TAMS 0x000000070c100000, 0x000000070c100000| Untracked 
| 194|0x000000070c200000, 0x000000070c200000, 0x000000070c300000|  0%| F|  |TAMS 0x000000070c200000, 0x000000070c200000| Untracked 
| 195|0x000000070c300000, 0x000000070c300000, 0x000000070c400000|  0%| F|  |TAMS 0x000000070c300000, 0x000000070c300000| Untracked 
| 196|0x000000070c400000, 0x000000070c400000, 0x000000070c500000|  0%| F|  |TAMS 0x000000070c400000, 0x000000070c400000| Untracked 
| 197|0x000000070c500000, 0x000000070c500000, 0x000000070c600000|  0%| F|  |TAMS 0x000000070c500000, 0x000000070c500000| Untracked 
| 198|0x000000070c600000, 0x000000070c600000, 0x000000070c700000|  0%| F|  |TAMS 0x000000070c600000, 0x000000070c600000| Untracked 
| 199|0x000000070c700000, 0x000000070c700000, 0x000000070c800000|  0%| F|  |TAMS 0x000000070c700000, 0x000000070c700000| Untracked 
| 200|0x000000070c800000, 0x000000070c800000, 0x000000070c900000|  0%| F|  |TAMS 0x000000070c800000, 0x000000070c800000| Untracked 
| 201|0x000000070c900000, 0x000000070c900000, 0x000000070ca00000|  0%| F|  |TAMS 0x000000070c900000, 0x000000070c900000| Untracked 
| 202|0x000000070ca00000, 0x000000070ca00000, 0x000000070cb00000|  0%| F|  |TAMS 0x000000070ca00000, 0x000000070ca00000| Untracked 
| 203|0x000000070cb00000, 0x000000070cb00000, 0x000000070cc00000|  0%| F|  |TAMS 0x000000070cb00000, 0x000000070cb00000| Untracked 
| 204|0x000000070cc00000, 0x000000070cc00000, 0x000000070cd00000|  0%| F|  |TAMS 0x000000070cc00000, 0x000000070cc00000| Untracked 
| 205|0x000000070cd00000, 0x000000070cd00000, 0x000000070ce00000|  0%| F|  |TAMS 0x000000070cd00000, 0x000000070cd00000| Untracked 
| 206|0x000000070ce00000, 0x000000070ce00000, 0x000000070cf00000|  0%| F|  |TAMS 0x000000070ce00000, 0x000000070ce00000| Untracked 
| 207|0x000000070cf00000, 0x000000070cf00000, 0x000000070d000000|  0%| F|  |TAMS 0x000000070cf00000, 0x000000070cf00000| Untracked 
| 208|0x000000070d000000, 0x000000070d000000, 0x000000070d100000|  0%| F|  |TAMS 0x000000070d000000, 0x000000070d000000| Untracked 
| 209|0x000000070d100000, 0x000000070d100000, 0x000000070d200000|  0%| F|  |TAMS 0x000000070d100000, 0x000000070d100000| Untracked 
| 210|0x000000070d200000, 0x000000070d200000, 0x000000070d300000|  0%| F|  |TAMS 0x000000070d200000, 0x000000070d200000| Untracked 
| 211|0x000000070d300000, 0x000000070d300000, 0x000000070d400000|  0%| F|  |TAMS 0x000000070d300000, 0x000000070d300000| Untracked 
| 212|0x000000070d400000, 0x000000070d400000, 0x000000070d500000|  0%| F|  |TAMS 0x000000070d400000, 0x000000070d400000| Untracked 
| 213|0x000000070d500000, 0x000000070d500000, 0x000000070d600000|  0%| F|  |TAMS 0x000000070d500000, 0x000000070d500000| Untracked 
| 214|0x000000070d600000, 0x000000070d600000, 0x000000070d700000|  0%| F|  |TAMS 0x000000070d600000, 0x000000070d600000| Untracked 
| 215|0x000000070d700000, 0x000000070d700000, 0x000000070d800000|  0%| F|  |TAMS 0x000000070d700000, 0x000000070d700000| Untracked 
| 216|0x000000070d800000, 0x000000070d800000, 0x000000070d900000|  0%| F|  |TAMS 0x000000070d800000, 0x000000070d800000| Untracked 
| 217|0x000000070d900000, 0x000000070d900000, 0x000000070da00000|  0%| F|  |TAMS 0x000000070d900000, 0x000000070d900000| Untracked 
| 218|0x000000070da00000, 0x000000070da00000, 0x000000070db00000|  0%| F|  |TAMS 0x000000070da00000, 0x000000070da00000| Untracked 
| 219|0x000000070db00000, 0x000000070db00000, 0x000000070dc00000|  0%| F|  |TAMS 0x000000070db00000, 0x000000070db00000| Untracked 
| 220|0x000000070dc00000, 0x000000070dc00000, 0x000000070dd00000|  0%| F|  |TAMS 0x000000070dc00000, 0x000000070dc00000| Untracked 
| 221|0x000000070dd00000, 0x000000070dd00000, 0x000000070de00000|  0%| F|  |TAMS 0x000000070dd00000, 0x000000070dd00000| Untracked 
| 222|0x000000070de00000, 0x000000070de00000, 0x000000070df00000|  0%| F|  |TAMS 0x000000070de00000, 0x000000070de00000| Untracked 
| 223|0x000000070df00000, 0x000000070df00000, 0x000000070e000000|  0%| F|  |TAMS 0x000000070df00000, 0x000000070df00000| Untracked 
| 224|0x000000070e000000, 0x000000070e000000, 0x000000070e100000|  0%| F|  |TAMS 0x000000070e000000, 0x000000070e000000| Untracked 
| 225|0x000000070e100000, 0x000000070e100000, 0x000000070e200000|  0%| F|  |TAMS 0x000000070e100000, 0x000000070e100000| Untracked 
| 226|0x000000070e200000, 0x000000070e200000, 0x000000070e300000|  0%| F|  |TAMS 0x000000070e200000, 0x000000070e200000| Untracked 
| 227|0x000000070e300000, 0x000000070e300000, 0x000000070e400000|  0%| F|  |TAMS 0x000000070e300000, 0x000000070e300000| Untracked 
| 228|0x000000070e400000, 0x000000070e400000, 0x000000070e500000|  0%| F|  |TAMS 0x000000070e400000, 0x000000070e400000| Untracked 
| 229|0x000000070e500000, 0x000000070e500000, 0x000000070e600000|  0%| F|  |TAMS 0x000000070e500000, 0x000000070e500000| Untracked 
| 230|0x000000070e600000, 0x000000070e600000, 0x000000070e700000|  0%| F|  |TAMS 0x000000070e600000, 0x000000070e600000| Untracked 
| 231|0x000000070e700000, 0x000000070e700000, 0x000000070e800000|  0%| F|  |TAMS 0x000000070e700000, 0x000000070e700000| Untracked 
| 232|0x000000070e800000, 0x000000070e800000, 0x000000070e900000|  0%| F|  |TAMS 0x000000070e800000, 0x000000070e800000| Untracked 
| 233|0x000000070e900000, 0x000000070e900000, 0x000000070ea00000|  0%| F|  |TAMS 0x000000070e900000, 0x000000070e900000| Untracked 
| 234|0x000000070ea00000, 0x000000070ea00000, 0x000000070eb00000|  0%| F|  |TAMS 0x000000070ea00000, 0x000000070ea00000| Untracked 
| 235|0x000000070eb00000, 0x000000070eb00000, 0x000000070ec00000|  0%| F|  |TAMS 0x000000070eb00000, 0x000000070eb00000| Untracked 
| 236|0x000000070ec00000, 0x000000070ec00000, 0x000000070ed00000|  0%| F|  |TAMS 0x000000070ec00000, 0x000000070ec00000| Untracked 
| 237|0x000000070ed00000, 0x000000070ed00000, 0x000000070ee00000|  0%| F|  |TAMS 0x000000070ed00000, 0x000000070ed00000| Untracked 
| 238|0x000000070ee00000, 0x000000070ee00000, 0x000000070ef00000|  0%| F|  |TAMS 0x000000070ee00000, 0x000000070ee00000| Untracked 
| 239|0x000000070ef00000, 0x000000070ef00000, 0x000000070f000000|  0%| F|  |TAMS 0x000000070ef00000, 0x000000070ef00000| Untracked 
| 240|0x000000070f000000, 0x000000070f000000, 0x000000070f100000|  0%| F|  |TAMS 0x000000070f000000, 0x000000070f000000| Untracked 
| 241|0x000000070f100000, 0x000000070f100000, 0x000000070f200000|  0%| F|  |TAMS 0x000000070f100000, 0x000000070f100000| Untracked 
| 242|0x000000070f200000, 0x000000070f200000, 0x000000070f300000|  0%| F|  |TAMS 0x000000070f200000, 0x000000070f200000| Untracked 
| 243|0x000000070f300000, 0x000000070f300000, 0x000000070f400000|  0%| F|  |TAMS 0x000000070f300000, 0x000000070f300000| Untracked 
| 244|0x000000070f400000, 0x000000070f400000, 0x000000070f500000|  0%| F|  |TAMS 0x000000070f400000, 0x000000070f400000| Untracked 
| 245|0x000000070f500000, 0x000000070f500000, 0x000000070f600000|  0%| F|  |TAMS 0x000000070f500000, 0x000000070f500000| Untracked 
| 246|0x000000070f600000, 0x000000070f680800, 0x000000070f700000| 50%| E|  |TAMS 0x000000070f600000, 0x000000070f600000| Complete 
| 247|0x000000070f700000, 0x000000070f800000, 0x000000070f800000|100%| E|CS|TAMS 0x000000070f700000, 0x000000070f700000| Complete 
| 248|0x000000070f800000, 0x000000070f900000, 0x000000070f900000|100%| E|CS|TAMS 0x000000070f800000, 0x000000070f800000| Complete 
| 249|0x000000070f900000, 0x000000070fa00000, 0x000000070fa00000|100%| E|CS|TAMS 0x000000070f900000, 0x000000070f900000| Complete 
| 250|0x000000070fa00000, 0x000000070fb00000, 0x000000070fb00000|100%| E|CS|TAMS 0x000000070fa00000, 0x000000070fa00000| Complete 
| 251|0x000000070fb00000, 0x000000070fc00000, 0x000000070fc00000|100%| E|CS|TAMS 0x000000070fb00000, 0x000000070fb00000| Complete 
| 252|0x000000070fc00000, 0x000000070fd00000, 0x000000070fd00000|100%| E|CS|TAMS 0x000000070fc00000, 0x000000070fc00000| Complete 
| 253|0x000000070fd00000, 0x000000070fe00000, 0x000000070fe00000|100%| E|CS|TAMS 0x000000070fd00000, 0x000000070fd00000| Complete 
| 254|0x000000070fe00000, 0x000000070ff00000, 0x000000070ff00000|100%| E|CS|TAMS 0x000000070fe00000, 0x000000070fe00000| Complete 
| 255|0x000000070ff00000, 0x0000000710000000, 0x0000000710000000|100%| E|CS|TAMS 0x000000070ff00000, 0x000000070ff00000| Complete 

Card table byte_map: [0x0000000118499000,0x0000000118c99000] _byte_map_base: 0x0000000114c99000

Marking Bits (Prev, Next): (CMBitMap*) 0x00007fc0f0044a18, (CMBitMap*) 0x00007fc0f0044a50
 Prev Bits: [0x00000001296c4000, 0x000000012d6c4000)
 Next Bits: [0x000000012d6c4000, 0x00000001316c4000)

Polling page: 0x000000010d8f3000

Metaspace:

Usage:
  Non-class:     14.39 MB capacity,    14.15 MB ( 98%) used,   202.28 KB (  1%) free+waste,    42.94 KB ( <1%) overhead. 
      Class:      1.66 MB capacity,     1.52 MB ( 92%) used,   119.62 KB (  7%) free+waste,    19.50 KB (  1%) overhead. 
       Both:     16.05 MB capacity,    15.68 MB ( 98%) used,   321.90 KB (  2%) free+waste,    62.44 KB ( <1%) overhead. 

Virtual space:
  Non-class space:       16.00 MB reserved,      14.75 MB ( 92%) committed 
      Class space:        1.00 GB reserved,       1.75 MB ( <1%) committed 
             Both:        1.02 GB reserved,      16.50 MB (  2%) committed 

Chunk freelists:
   Non-Class:  20.12 KB
       Class:  0 bytes
        Both:  20.12 KB

CodeHeap 'non-profiled nmethods': size=120032Kb used=1536Kb max_used=1536Kb free=118495Kb
 bounds [0x000000012218c000, 0x00000001223fc000, 0x00000001296c4000]
CodeHeap 'profiled nmethods': size=120028Kb used=3295Kb max_used=3364Kb free=116732Kb
 bounds [0x000000011ac55000, 0x000000011afb5000, 0x000000012218c000]
CodeHeap 'non-nmethods': size=5700Kb used=1225Kb max_used=1307Kb free=4474Kb
 bounds [0x000000011a6c4000, 0x000000011a934000, 0x000000011ac55000]
 total_blobs=3631 nmethods=1857 adapters=422
 compilation: enabled
              stopped_count=0, restarted_count=0
 full_count=0

Compilation events (10 events):
Event: 488.338 Thread 0x00007fc0f0018800 2312       4       java.util.Formatter::checkText (58 bytes)
Event: 488.353 Thread 0x00007fc0f0018800 nmethod 2312 0x000000012230a610 code [0x000000012230a7c0, 0x000000012230ac38]
Event: 488.387 Thread 0x00007fc0f0018800 2313       4       java.lang.StringBuilder::charAt (6 bytes)
Event: 488.388 Thread 0x00007fc0f3809000 2314       3       java.util.Formatter$FormatSpecifier::print (160 bytes)
Event: 488.390 Thread 0x00007fc0f0018800 nmethod 2313 0x000000012230af10 code [0x000000012230b0a0, 0x000000012230b218]
Event: 488.391 Thread 0x00007fc0f3809000 nmethod 2314 0x000000011af08790 code [0x000000011af08aa0, 0x000000011af098d8]
Event: 524.742 Thread 0x00007fc0f0018800 2315   !   4       edu.wpi.first.wpilibj.DriverStation$MatchDataSender::sendMatchData (378 bytes)
Event: 524.756 Thread 0x00007fc0f0018800 nmethod 2315 0x000000012230b390 code [0x000000012230b580, 0x000000012230c188]
Event: 554.917 Thread 0x00007fc0f0018800 2316       4       edu.wpi.first.wpilibj.DigitalOutput::pulse (9 bytes)
Event: 554.918 Thread 0x00007fc0f0018800 nmethod 2316 0x000000012230c890 code [0x000000012230ca20, 0x000000012230caa8]

GC Heap History (8 events):
Event: 21.035 GC heap before
{Heap before GC invocations=0 (full 0):
 garbage-first heap   total 262144K, used 24576K [0x0000000700000000, 0x0000000800000000)
  region size 1024K, 24 young (24576K), 0 survivors (0K)
 Metaspace       used 9814K, capacity 10120K, committed 10368K, reserved 1058816K
  class space    used 964K, capacity 1096K, committed 1152K, reserved 1048576K
}
Event: 21.039 GC heap after
{Heap after GC invocations=1 (full 0):
 garbage-first heap   total 262144K, used 2028K [0x0000000700000000, 0x0000000800000000)
  region size 1024K, 2 young (2048K), 2 survivors (2048K)
 Metaspace       used 9814K, capacity 10120K, committed 10368K, reserved 1058816K
  class space    used 964K, capacity 1096K, committed 1152K, reserved 1048576K
}
Event: 214.417 GC heap before
{Heap before GC invocations=1 (full 0):
 garbage-first heap   total 262144K, used 156652K [0x0000000700000000, 0x0000000800000000)
  region size 1024K, 153 young (156672K), 2 survivors (2048K)
 Metaspace       used 9825K, capacity 10120K, committed 10368K, reserved 1058816K
  class space    used 964K, capacity 1096K, committed 1152K, reserved 1048576K
}
Event: 214.422 GC heap after
{Heap after GC invocations=2 (full 0):
 garbage-first heap   total 262144K, used 2210K [0x0000000700000000, 0x0000000800000000)
  region size 1024K, 3 young (3072K), 3 survivors (3072K)
 Metaspace       used 9825K, capacity 10120K, committed 10368K, reserved 1058816K
  class space    used 964K, capacity 1096K, committed 1152K, reserved 1048576K
}
Event: 377.880 GC heap before
{Heap before GC invocations=2 (full 0):
 garbage-first heap   total 262144K, used 155810K [0x0000000700000000, 0x0000000800000000)
  region size 1024K, 153 young (156672K), 3 survivors (3072K)
 Metaspace       used 15970K, capacity 16358K, committed 16640K, reserved 1064960K
  class space    used 1558K, capacity 1698K, committed 1792K, reserved 1048576K
}
Event: 377.886 GC heap after
{Heap after GC invocations=3 (full 0):
 garbage-first heap   total 262144K, used 3189K [0x0000000700000000, 0x0000000800000000)
  region size 1024K, 4 young (4096K), 4 survivors (4096K)
 Metaspace       used 15970K, capacity 16358K, committed 16640K, reserved 1064960K
  class space    used 1558K, capacity 1698K, committed 1792K, reserved 1048576K
}
Event: 555.174 GC heap before
{Heap before GC invocations=3 (full 0):
 garbage-first heap   total 262144K, used 155765K [0x0000000700000000, 0x0000000800000000)
  region size 1024K, 153 young (156672K), 4 survivors (4096K)
 Metaspace       used 16052K, capacity 16437K, committed 16896K, reserved 1064960K
  class space    used 1558K, capacity 1698K, committed 1792K, reserved 1048576K
}
Event: 555.183 GC heap after
{Heap after GC invocations=4 (full 0):
 garbage-first heap   total 262144K, used 3330K [0x0000000700000000, 0x0000000800000000)
  region size 1024K, 4 young (4096K), 4 survivors (4096K)
 Metaspace       used 16052K, capacity 16437K, committed 16896K, reserved 1064960K
  class space    used 1558K, capacity 1698K, committed 1792K, reserved 1048576K
}

Deoptimization events (10 events):
Event: 338.800 Thread 0x00007fc0efa46800 Uncommon trap: reason=unstable_if action=reinterpret pc=0x00000001221b2dc8 method=java.util.LinkedHashMap$LinkedValues.forEach(Ljava/util/function/Consumer;)V @ 29 c2
Event: 338.823 Thread 0x00007fc0ee91c800 Uncommon trap: reason=unstable_if action=reinterpret pc=0x0000000122256828 method=java.util.PriorityQueue.poll()Ljava/lang/Object; @ 45 c2
Event: 338.865 Thread 0x00007fc0efa46800 Uncommon trap: reason=unstable_if action=reinterpret pc=0x000000012225be38 method=org.ejml.dense.row.CommonOps_DDRM.elementMaxAbs(Lorg/ejml/data/DMatrixD1;)D @ 31 c2
Event: 354.301 Thread 0x00007fc0efa46800 Uncommon trap: reason=unstable_if action=reinterpret pc=0x000000012218d800 method=java.lang.Double.compare(DD)I @ 11 c2
Event: 362.497 Thread 0x00007fc0f3856000 Uncommon trap: reason=unstable_if action=reinterpret pc=0x000000012223fcc8 method=java.util.concurrent.locks.ReentrantLock$Sync.nonfairTryAcquire(I)Z @ 19 c2
Event: 362.498 Thread 0x00007fc0f3856000 Uncommon trap: reason=unstable_if action=reinterpret pc=0x0000000122250048 method=java.util.concurrent.locks.AbstractQueuedSynchronizer.release(I)Z @ 14 c2
Event: 362.515 Thread 0x00007fc0efa46800 Uncommon trap: reason=unstable_if action=reinterpret pc=0x000000012220b94c method=java.util.concurrent.locks.AbstractQueuedSynchronizer.release(I)Z @ 14 c2
Event: 362.515 Thread 0x00007fc0efa46800 Uncommon trap: reason=unstable_if action=reinterpret pc=0x00000001221fb92c method=java.util.concurrent.locks.AbstractQueuedSynchronizer.release(I)Z @ 14 c2
Event: 475.925 Thread 0x00007fc0efa46800 Uncommon trap: reason=unstable_if action=reinterpret pc=0x00000001222748a4 method=jdk.internal.math.FloatingDecimal$ASCIIToBinaryBuffer.doubleValue()D @ 869 c2
Event: 475.926 Thread 0x00007fc0efa46800 Uncommon trap: reason=unstable_if action=reinterpret pc=0x00000001222688d8 method=jdk.internal.math.FDBigInteger.leftShift(I)Ljdk/internal/math/FDBigInteger; @ 30 c2

Classes redefined (0 events):
No events

Internal exceptions (10 events):
Event: 7.206 Thread 0x00007fc0efa46800 Exception <a 'java/lang/NoSuchMethodError'{0x000000070f357c70}: java.lang.invoke.DirectMethodHandle$Holder.invokeInterface(Ljava/lang/Object;Ljava/lang/Object;)D> (0x000000070f357c70) thrown at [/scratch/mesos/slaves/d65fa3d4-10de-46aa-a2db-52cc9981537a-S
Event: 7.207 Thread 0x00007fc0efa46800 Exception <a 'java/lang/NoSuchMethodError'{0x000000070f35dfd8}: java.lang.invoke.DirectMethodHandle$Holder.invokeInterface(Ljava/lang/Object;Ljava/lang/Object;D)V> (0x000000070f35dfd8) thrown at [/scratch/mesos/slaves/d65fa3d4-10de-46aa-a2db-52cc9981537a-
Event: 7.209 Thread 0x00007fc0efa46800 Exception <a 'java/lang/NoSuchMethodError'{0x000000070f36a5e8}: java.lang.invoke.DirectMethodHandle$Holder.invokeSpecial(Ljava/lang/Object;Ljava/lang/Object;)D> (0x000000070f36a5e8) thrown at [/scratch/mesos/slaves/d65fa3d4-10de-46aa-a2db-52cc9981537a-S38
Event: 7.211 Thread 0x00007fc0efa46800 Exception <a 'java/lang/NoSuchMethodError'{0x000000070f36fc10}: java.lang.invoke.DirectMethodHandle$Holder.invokeSpecial(Ljava/lang/Object;Ljava/lang/Object;D)V> (0x000000070f36fc10) thrown at [/scratch/mesos/slaves/d65fa3d4-10de-46aa-a2db-52cc9981537a-S3
Event: 7.217 Thread 0x00007fc0efa46800 Exception <a 'java/lang/NoSuchMethodError'{0x000000070f397640}: java.lang.invoke.DirectMethodHandle$Holder.invokeVirtual(Ljava/lang/Object;Ljava/lang/Object;)D> (0x000000070f397640) thrown at [/scratch/mesos/slaves/d65fa3d4-10de-46aa-a2db-52cc9981537a-S38
Event: 7.229 Thread 0x00007fc0efa46800 Exception <a 'java/lang/NoSuchMethodError'{0x000000070f3b4918}: java.lang.invoke.DirectMethodHandle$Holder.invokeVirtual(Ljava/lang/Object;Ljava/lang/Object;D)V> (0x000000070f3b4918) thrown at [/scratch/mesos/slaves/d65fa3d4-10de-46aa-a2db-52cc9981537a-S3
Event: 337.961 Thread 0x00007fc0efa46800 Implicit null exception at 0x000000012224fe95 to 0x00000001222500ba
Event: 338.794 Thread 0x00007fc0efa46800 Implicit null exception at 0x00000001221eaaa2 to 0x00000001221eb662
Event: 338.794 Thread 0x00007fc0efa46800 Implicit null exception at 0x0000000122228289 to 0x000000012222845d
Event: 338.799 Thread 0x00007fc0efa46800 Implicit null exception at 0x000000012222549b to 0x0000000122226fae

Events (10 events):
Event: 489.240 Executing VM operation: GetStackTrace
Event: 489.240 Executing VM operation: GetStackTrace done
Event: 489.240 Executing VM operation: GetFrameCount
Event: 489.240 Executing VM operation: GetFrameCount done
Event: 489.240 Executing VM operation: GetStackTrace
Event: 489.240 Executing VM operation: GetStackTrace done
Event: 524.757 Thread 0x00007fc0ef8a9000 flushing nmethod 0x000000011ae50d90
Event: 554.919 Thread 0x00007fc0ef8a9000 flushing nmethod 0x000000011ad4bd90
Event: 555.174 Executing VM operation: G1CollectForAllocation
Event: 555.183 Executing VM operation: G1CollectForAllocation done


Dynamic libraries:
0x00007fff35997000 	/System/Library/Frameworks/Cocoa.framework/Versions/A/Cocoa
0x00007fff431a0000 	/System/Library/Frameworks/Security.framework/Versions/A/Security
0x00007fff348fc000 	/System/Library/Frameworks/ApplicationServices.framework/Versions/A/ApplicationServices
0x00007fff6feab000 	/usr/lib/libz.1.dylib
0x00007fff6d96f000 	/usr/lib/libSystem.B.dylib
0x00007fff36839000 	/System/Library/Frameworks/CoreFoundation.framework/Versions/A/CoreFoundation
0x00007fff38ef6000 	/System/Library/Frameworks/Foundation.framework/Versions/C/Foundation
0x00007fff6f7cf000 	/usr/lib/libobjc.A.dylib
0x00007fff33aec000 	/System/Library/Frameworks/AppKit.framework/Versions/C/AppKit
0x00007fff3631b000 	/System/Library/Frameworks/CoreData.framework/Versions/A/CoreData
0x00007fff6796a000 	/System/Library/PrivateFrameworks/UIFoundation.framework/Versions/A/UIFoundation
0x00007fff629fe000 	/System/Library/PrivateFrameworks/RemoteViewServices.framework/Versions/A/RemoteViewServices
0x00007fff6a4df000 	/System/Library/PrivateFrameworks/XCTTargetBootstrap.framework/Versions/A/XCTTargetBootstrap
0x00007fff36706000 	/System/Library/Frameworks/CoreDisplay.framework/Versions/A/CoreDisplay
0x00007fff3bdb0000 	/System/Library/Frameworks/Metal.framework/Versions/A/Metal
0x00007fff509ba000 	/System/Library/PrivateFrameworks/DesktopServicesPriv.framework/Versions/A/DesktopServicesPriv
0x00007fff6eaaa000 	/usr/lib/liblangid.dylib
0x00007fff4fc4f000 	/System/Library/PrivateFrameworks/CoreSVG.framework/Versions/A/CoreSVG
0x00007fff65b5a000 	/System/Library/PrivateFrameworks/SkyLight.framework/Versions/A/SkyLight
0x00007fff36cba000 	/System/Library/Frameworks/CoreGraphics.framework/Versions/A/CoreGraphics
0x00007fff324c0000 	/System/Library/Frameworks/Accelerate.framework/Versions/A/Accelerate
0x00007fff6fd9c000 	/usr/lib/libxml2.2.dylib
0x00007fff5b95c000 	/System/Library/PrivateFrameworks/IconServices.framework/Versions/A/IconServices
0x00007fff396d5000 	/System/Library/Frameworks/IOSurface.framework/Versions/A/IOSurface
0x00007fff6d499000 	/usr/lib/libDiagnosticMessagesClient.dylib
0x00007fff50814000 	/System/Library/PrivateFrameworks/DFRFoundation.framework/Versions/A/DFRFoundation
0x00007fff6e839000 	/usr/lib/libicucore.A.dylib
0x00007fff34c2e000 	/System/Library/Frameworks/AudioToolbox.framework/Versions/A/AudioToolbox
0x00007fff34d11000 	/System/Library/Frameworks/AudioUnit.framework/Versions/A/AudioUnit
0x00007fff6db71000 	/usr/lib/libauto.dylib
0x00007fff508b6000 	/System/Library/PrivateFrameworks/DataDetectorsCore.framework/Versions/A/DataDetectorsCore
0x00007fff354b8000 	/System/Library/Frameworks/Carbon.framework/Versions/A/Frameworks/HIToolbox.framework/Versions/A/HIToolbox
0x00007fff4239a000 	/System/Library/Frameworks/QuartzCore.framework/Versions/A/QuartzCore
0x00007fff357f7000 	/System/Library/Frameworks/Carbon.framework/Versions/A/Frameworks/SpeechRecognition.framework/Versions/A/SpeechRecognition
0x00007fff50328000 	/System/Library/PrivateFrameworks/CoreUI.framework/Versions/A/CoreUI
0x00007fff35d86000 	/System/Library/Frameworks/CoreAudio.framework/Versions/A/CoreAudio
0x00007fff38bb5000 	/System/Library/Frameworks/DiskArbitration.framework/Versions/A/DiskArbitration
0x00007fff5d9d8000 	/System/Library/PrivateFrameworks/MultitouchSupport.framework/Versions/A/MultitouchSupport
0x00007fff6e700000 	/usr/lib/libenergytrace.dylib
0x00007fff3962f000 	/System/Library/Frameworks/IOKit.framework/Versions/A/IOKit
0x00007fff37c21000 	/System/Library/Frameworks/CoreServices.framework/Versions/A/CoreServices
0x00007fff5fb91000 	/System/Library/PrivateFrameworks/PerformanceAnalysis.framework/Versions/A/PerformanceAnalysis
0x00007fff413cd000 	/System/Library/Frameworks/OpenGL.framework/Versions/A/OpenGL
0x00007fff359a5000 	/System/Library/Frameworks/ColorSync.framework/Versions/A/ColorSync
0x00007fff3733d000 	/System/Library/Frameworks/CoreImage.framework/Versions/A/CoreImage
0x00007fff38694000 	/System/Library/Frameworks/CoreText.framework/Versions/A/CoreText
0x00007fff39765000 	/System/Library/Frameworks/ImageIO.framework/Versions/A/ImageIO
0x00007fff6dc55000 	/usr/lib/libc++.1.dylib
0x00007fff6dcd1000 	/usr/lib/libcompression.dylib
0x00007fff6d7dd000 	/usr/lib/libMobileGestalt.dylib
0x00007fff676d4000 	/System/Library/PrivateFrameworks/TextureIO.framework/Versions/A/TextureIO
0x00007fff6dad4000 	/usr/lib/libate.dylib
0x00007fff5bb65000 	/System/Library/PrivateFrameworks/InternationalSupport.framework/Versions/A/InternationalSupport
0x00007fff7076c000 	/usr/lib/system/libcache.dylib
0x00007fff70772000 	/usr/lib/system/libcommonCrypto.dylib
0x00007fff7077e000 	/usr/lib/system/libcompiler_rt.dylib
0x00007fff70786000 	/usr/lib/system/libcopyfile.dylib
0x00007fff70790000 	/usr/lib/system/libcorecrypto.dylib
0x00007fff7092f000 	/usr/lib/system/libdispatch.dylib
0x00007fff70970000 	/usr/lib/system/libdyld.dylib
0x00007fff709a7000 	/usr/lib/system/libkeymgr.dylib
0x00007fff709b5000 	/usr/lib/system/liblaunch.dylib
0x00007fff709b6000 	/usr/lib/system/libmacho.dylib
0x00007fff709bc000 	/usr/lib/system/libquarantine.dylib
0x00007fff709bf000 	/usr/lib/system/libremovefile.dylib
0x00007fff709c1000 	/usr/lib/system/libsystem_asl.dylib
0x00007fff709d9000 	/usr/lib/system/libsystem_blocks.dylib
0x00007fff709da000 	/usr/lib/system/libsystem_c.dylib
0x00007fff70a62000 	/usr/lib/system/libsystem_configuration.dylib
0x00007fff70a66000 	/usr/lib/system/libsystem_coreservices.dylib
0x00007fff70a6a000 	/usr/lib/system/libsystem_darwin.dylib
0x00007fff70a73000 	/usr/lib/system/libsystem_dnssd.dylib
0x00007fff70a7b000 	/usr/lib/system/libsystem_featureflags.dylib
0x00007fff70a7d000 	/usr/lib/system/libsystem_info.dylib
0x00007fff70af8000 	/usr/lib/system/libsystem_m.dylib
0x00007fff70b40000 	/usr/lib/system/libsystem_malloc.dylib
0x00007fff70b68000 	/usr/lib/system/libsystem_networkextension.dylib
0x00007fff70b76000 	/usr/lib/system/libsystem_notify.dylib
0x00007fff70b94000 	/usr/lib/system/libsystem_sandbox.dylib
0x00007fff70b99000 	/usr/lib/system/libsystem_secinit.dylib
0x00007fff70acb000 	/usr/lib/system/libsystem_kernel.dylib
0x00007fff70b80000 	/usr/lib/system/libsystem_platform.dylib
0x00007fff70b89000 	/usr/lib/system/libsystem_pthread.dylib
0x00007fff70b9c000 	/usr/lib/system/libsystem_symptoms.dylib
0x00007fff70ba4000 	/usr/lib/system/libsystem_trace.dylib
0x00007fff70bbc000 	/usr/lib/system/libunwind.dylib
0x00007fff70bc2000 	/usr/lib/system/libxpc.dylib
0x00007fff6dca8000 	/usr/lib/libc++abi.dylib
0x00007fff6eaac000 	/usr/lib/liblzma.5.dylib
0x00007fff6e727000 	/usr/lib/libfakelink.dylib
0x00007fff6da61000 	/usr/lib/libarchive.2.dylib
0x00007fff44251000 	/System/Library/Frameworks/SystemConfiguration.framework/Versions/A/SystemConfiguration
0x00007fff6d3cc000 	/usr/lib/libCRFSuite.dylib
0x00007fff350a8000 	/System/Library/Frameworks/CFNetwork.framework/Versions/A/CFNetwork
0x00007fff6dc37000 	/usr/lib/libbsm.0.dylib
0x00007fff709a8000 	/usr/lib/system/libkxld.dylib
0x00007fff4a190000 	/System/Library/PrivateFrameworks/AppleFSCompression.framework/Versions/A/AppleFSCompression
0x00007fff6dfc2000 	/usr/lib/libcoretls.dylib
0x00007fff6dfd9000 	/usr/lib/libcoretls_cfhelpers.dylib
0x00007fff6f815000 	/usr/lib/libpam.2.dylib
0x00007fff6f94a000 	/usr/lib/libsqlite3.dylib
0x00007fff6fd89000 	/usr/lib/libxar.1.dylib
0x00007fff6dc48000 	/usr/lib/libbz2.1.0.dylib
0x00007fff6e748000 	/usr/lib/libiconv.2.dylib
0x00007fff6dcbe000 	/usr/lib/libcharset.1.dylib
0x00007fff6f2b2000 	/usr/lib/libnetwork.dylib
0x00007fff6f81c000 	/usr/lib/libpcap.A.dylib
0x00007fff6da16000 	/usr/lib/libapple_nghttp2.dylib
0x00007fff37fd8000 	/System/Library/Frameworks/CoreServices.framework/Versions/A/Frameworks/FSEvents.framework/Versions/A/FSEvents
0x00007fff37ca8000 	/System/Library/Frameworks/CoreServices.framework/Versions/A/Frameworks/CarbonCore.framework/Versions/A/CarbonCore
0x00007fff3821c000 	/System/Library/Frameworks/CoreServices.framework/Versions/A/Frameworks/Metadata.framework/Versions/A/Metadata
0x00007fff382b5000 	/System/Library/Frameworks/CoreServices.framework/Versions/A/Frameworks/OSServices.framework/Versions/A/OSServices
0x00007fff382e3000 	/System/Library/Frameworks/CoreServices.framework/Versions/A/Frameworks/SearchKit.framework/Versions/A/SearchKit
0x00007fff37c22000 	/System/Library/Frameworks/CoreServices.framework/Versions/A/Frameworks/AE.framework/Versions/A/AE
0x00007fff37fe1000 	/System/Library/Frameworks/CoreServices.framework/Versions/A/Frameworks/LaunchServices.framework/Versions/A/LaunchServices
0x00007fff37f8a000 	/System/Library/Frameworks/CoreServices.framework/Versions/A/Frameworks/DictionaryServices.framework/Versions/A/DictionaryServices
0x00007fff3834b000 	/System/Library/Frameworks/CoreServices.framework/Versions/A/Frameworks/SharedFileList.framework/Versions/A/SharedFileList
0x00007fff3d1ec000 	/System/Library/Frameworks/NetFS.framework/Versions/A/NetFS
0x00007fff5df08000 	/System/Library/PrivateFrameworks/NetAuth.framework/Versions/A/NetAuth
0x00007fff6a8ac000 	/System/Library/PrivateFrameworks/login.framework/Versions/A/Frameworks/loginsupport.framework/Versions/A/loginsupport
0x00007fff6719f000 	/System/Library/PrivateFrameworks/TCC.framework/Versions/A/TCC
0x00007fff4edc2000 	/System/Library/PrivateFrameworks/CoreNLP.framework/Versions/A/CoreNLP
0x00007fff5d3d9000 	/System/Library/PrivateFrameworks/MetadataUtilities.framework/Versions/A/MetadataUtilities
0x00007fff6eb84000 	/usr/lib/libmecabra.dylib
0x00007fff6eadc000 	/usr/lib/libmecab.dylib
0x00007fff6e738000 	/usr/lib/libgermantok.dylib
0x00007fff6d9fd000 	/usr/lib/libThaiTokenizer.dylib
0x00007fff6d403000 	/usr/lib/libChineseTokenizer.dylib
0x00007fff324d8000 	/System/Library/Frameworks/Accelerate.framework/Versions/A/Frameworks/vImage.framework/Versions/A/vImage
0x00007fff33942000 	/System/Library/Frameworks/Accelerate.framework/Versions/A/Frameworks/vecLib.framework/Versions/A/vecLib
0x00007fff3387f000 	/System/Library/Frameworks/Accelerate.framework/Versions/A/Frameworks/vecLib.framework/Versions/A/libvMisc.dylib
0x00007fff336a7000 	/System/Library/Frameworks/Accelerate.framework/Versions/A/Frameworks/vecLib.framework/Versions/A/libvDSP.dylib
0x00007fff32b2f000 	/System/Library/Frameworks/Accelerate.framework/Versions/A/Frameworks/vecLib.framework/Versions/A/libBLAS.dylib
0x00007fff3326b000 	/System/Library/Frameworks/Accelerate.framework/Versions/A/Frameworks/vecLib.framework/Versions/A/libLAPACK.dylib
0x00007fff33607000 	/System/Library/Frameworks/Accelerate.framework/Versions/A/Frameworks/vecLib.framework/Versions/A/libLinearAlgebra.dylib
0x00007fff33694000 	/System/Library/Frameworks/Accelerate.framework/Versions/A/Frameworks/vecLib.framework/Versions/A/libSparseBLAS.dylib
0x00007fff3361d000 	/System/Library/Frameworks/Accelerate.framework/Versions/A/Frameworks/vecLib.framework/Versions/A/libQuadrature.dylib
0x00007fff32d97000 	/System/Library/Frameworks/Accelerate.framework/Versions/A/Frameworks/vecLib.framework/Versions/A/libBNNS.dylib
0x00007fff33623000 	/System/Library/Frameworks/Accelerate.framework/Versions/A/Frameworks/vecLib.framework/Versions/A/libSparse.dylib
0x00007fff5bf4d000 	/System/Library/PrivateFrameworks/LanguageModeling.framework/Versions/A/LanguageModeling
0x00007fff4e772000 	/System/Library/PrivateFrameworks/CoreEmoji.framework/Versions/A/CoreEmoji
0x00007fff5c06b000 	/System/Library/PrivateFrameworks/LinguisticData.framework/Versions/A/LinguisticData
0x00007fff5c01c000 	/System/Library/PrivateFrameworks/Lexicon.framework/Versions/A/Lexicon
0x00007fff6dcbf000 	/usr/lib/libcmph.dylib
0x00007fff3fddb000 	/System/Library/Frameworks/OpenDirectory.framework/Versions/A/Frameworks/CFOpenDirectory.framework/Versions/A/CFOpenDirectory
0x00007fff3fdf8000 	/System/Library/Frameworks/OpenDirectory.framework/Versions/A/OpenDirectory
0x00007fff4823b000 	/System/Library/PrivateFrameworks/APFS.framework/Versions/A/APFS
0x00007fff434ea000 	/System/Library/Frameworks/SecurityFoundation.framework/Versions/A/SecurityFoundation
0x00007fff6fd85000 	/usr/lib/libutil.dylib
0x00007fff4fca7000 	/System/Library/PrivateFrameworks/CoreServicesStore.framework/Versions/A/CoreServicesStore
0x00007fff435a1000 	/System/Library/Frameworks/ServiceManagement.framework/Versions/A/ServiceManagement
0x00007fff4b960000 	/System/Library/PrivateFrameworks/BackgroundTaskManagement.framework/Versions/A/BackgroundTaskManagement
0x00007fff6fe82000 	/usr/lib/libxslt.1.dylib
0x00007fff4a803000 	/System/Library/PrivateFrameworks/AppleSystemInfo.framework/Versions/A/AppleSystemInfo
0x00007fff39981000 	/System/Library/Frameworks/ImageIO.framework/Versions/A/Resources/libJPEG.dylib
0x00007fff39c3e000 	/System/Library/Frameworks/ImageIO.framework/Versions/A/Resources/libTIFF.dylib
0x00007fff39c21000 	/System/Library/Frameworks/ImageIO.framework/Versions/A/Resources/libPng.dylib
0x00007fff398c3000 	/System/Library/Frameworks/ImageIO.framework/Versions/A/Resources/libGIF.dylib
0x00007fff398c7000 	/System/Library/Frameworks/ImageIO.framework/Versions/A/Resources/libJP2.dylib
0x00007fff39c3c000 	/System/Library/Frameworks/ImageIO.framework/Versions/A/Resources/libRadiance.dylib
0x00007fff6e701000 	/usr/lib/libexpat.1.dylib
0x00007fff4a2eb000 	/System/Library/PrivateFrameworks/AppleJPEG.framework/Versions/A/AppleJPEG
0x00007fff52fbd000 	/System/Library/PrivateFrameworks/FontServices.framework/libFontParser.dylib
0x00007fff698ae000 	/System/Library/PrivateFrameworks/WatchdogClient.framework/Versions/A/WatchdogClient
0x00007fff5b5a8000 	/System/Library/PrivateFrameworks/IOAccelerator.framework/Versions/A/IOAccelerator
0x00007fff3c14b000 	/System/Library/Frameworks/MetalPerformanceShaders.framework/Versions/A/MetalPerformanceShaders
0x00007fff57d38000 	/System/Library/PrivateFrameworks/GPUWrangler.framework/Versions/A/GPUWrangler
0x00007fff5b5bd000 	/System/Library/PrivateFrameworks/IOPresentment.framework/Versions/A/IOPresentment
0x00007fff50827000 	/System/Library/PrivateFrameworks/DSExternalDisplay.framework/Versions/A/DSExternalDisplay
0x00007fff4076c000 	/System/Library/Frameworks/OpenGL.framework/Versions/A/Libraries/libCoreFSCache.dylib
0x00007fff3be97000 	/System/Library/Frameworks/MetalPerformanceShaders.framework/Frameworks/MPSCore.framework/Versions/A/MPSCore
0x00007fff3bed5000 	/System/Library/Frameworks/MetalPerformanceShaders.framework/Frameworks/MPSImage.framework/Versions/A/MPSImage
0x00007fff3bf9c000 	/System/Library/Frameworks/MetalPerformanceShaders.framework/Frameworks/MPSNeuralNetwork.framework/Versions/A/MPSNeuralNetwork
0x00007fff3bf60000 	/System/Library/Frameworks/MetalPerformanceShaders.framework/Frameworks/MPSMatrix.framework/Versions/A/MPSMatrix
0x00007fff3c0fb000 	/System/Library/Frameworks/MetalPerformanceShaders.framework/Frameworks/MPSRayIntersector.framework/Versions/A/MPSRayIntersector
0x00007fff3bf86000 	/System/Library/Frameworks/MetalPerformanceShaders.framework/Frameworks/MPSNDArray.framework/Versions/A/MPSNDArray
0x00007fff5d426000 	/System/Library/PrivateFrameworks/MetalTools.framework/Versions/A/MetalTools
0x00007fff49415000 	/System/Library/PrivateFrameworks/AggregateDictionary.framework/Versions/A/AggregateDictionary
0x00007fff4e1ba000 	/System/Library/PrivateFrameworks/CoreAnalytics.framework/Versions/A/CoreAnalytics
0x00007fff4a722000 	/System/Library/PrivateFrameworks/AppleSauce.framework/Versions/A/AppleSauce
0x00007fff6d6bf000 	/usr/lib/libIOReport.dylib
0x00007fff3884c000 	/System/Library/Frameworks/CoreVideo.framework/Versions/A/CoreVideo
0x00007fff591b1000 	/System/Library/PrivateFrameworks/GraphVisualizer.framework/Versions/A/GraphVisualizer
0x00007fff52503000 	/System/Library/PrivateFrameworks/FaceCore.framework/Versions/A/FaceCore
0x00007fff3fd82000 	/System/Library/Frameworks/OpenCL.framework/Versions/A/OpenCL
0x00007fff6d4e1000 	/usr/lib/libFosl_dynamic.dylib
0x00007fff5e929000 	/System/Library/PrivateFrameworks/OTSVG.framework/Versions/A/OTSVG
0x00007fff34a01000 	/System/Library/Frameworks/ApplicationServices.framework/Versions/A/Frameworks/ATS.framework/Versions/A/Resources/libFontRegistry.dylib
0x00007fff5318c000 	/System/Library/PrivateFrameworks/FontServices.framework/libhvf.dylib
0x00007fff40777000 	/System/Library/Frameworks/OpenGL.framework/Versions/A/Libraries/libGFXShared.dylib
0x00007fff40955000 	/System/Library/Frameworks/OpenGL.framework/Versions/A/Libraries/libGLU.dylib
0x00007fff40780000 	/System/Library/Frameworks/OpenGL.framework/Versions/A/Libraries/libGL.dylib
0x00007fff4078b000 	/System/Library/Frameworks/OpenGL.framework/Versions/A/Libraries/libGLImage.dylib
0x00007fff40769000 	/System/Library/Frameworks/OpenGL.framework/Versions/A/Libraries/libCVMSPluginSupport.dylib
0x00007fff40772000 	/System/Library/Frameworks/OpenGL.framework/Versions/A/Libraries/libCoreVMClient.dylib
0x00007fff6f153000 	/usr/lib/libncurses.5.4.dylib
0x00007fff348fd000 	/System/Library/Frameworks/ApplicationServices.framework/Versions/A/Frameworks/ATS.framework/Versions/A/ATS
0x00007fff34aca000 	/System/Library/Frameworks/ApplicationServices.framework/Versions/A/Frameworks/ColorSyncLegacy.framework/Versions/A/ColorSyncLegacy
0x00007fff34b68000 	/System/Library/Frameworks/ApplicationServices.framework/Versions/A/Frameworks/HIServices.framework/Versions/A/HIServices
0x00007fff34bc0000 	/System/Library/Frameworks/ApplicationServices.framework/Versions/A/Frameworks/LangAnalysis.framework/Versions/A/LangAnalysis
0x00007fff34bcf000 	/System/Library/Frameworks/ApplicationServices.framework/Versions/A/Frameworks/PrintCore.framework/Versions/A/PrintCore
0x00007fff34c15000 	/System/Library/Frameworks/ApplicationServices.framework/Versions/A/Frameworks/QD.framework/Versions/A/QD
0x00007fff34c20000 	/System/Library/Frameworks/ApplicationServices.framework/Versions/A/Frameworks/SpeechSynthesis.framework/Versions/A/SpeechSynthesis
0x00007fff34a9a000 	/System/Library/Frameworks/ApplicationServices.framework/Versions/A/Frameworks/ATSUI.framework/Versions/A/ATSUI
0x00007fff6e597000 	/usr/lib/libcups.2.dylib
0x00007fff3b1e6000 	/System/Library/Frameworks/Kerberos.framework/Versions/A/Kerberos
0x00007fff39328000 	/System/Library/Frameworks/GSS.framework/Versions/A/GSS
0x00007fff6f8d6000 	/usr/lib/libresolv.9.dylib
0x00007fff5935e000 	/System/Library/PrivateFrameworks/Heimdal.framework/Versions/A/Heimdal
0x00007fff3b1f9000 	/System/Library/Frameworks/Kerberos.framework/Versions/A/Libraries/libHeimdalProxy.dylib
0x00007fff6e73e000 	/usr/lib/libheimdal-asn1.dylib
0x00007fff4d652000 	/System/Library/PrivateFrameworks/CommonAuth.framework/Versions/A/CommonAuth
0x00007fff4a8a0000 	/System/Library/PrivateFrameworks/AssertionServices.framework/Versions/A/AssertionServices
0x00007fff4b443000 	/System/Library/PrivateFrameworks/AudioToolboxCore.framework/Versions/A/AudioToolboxCore
0x00007fff6a55c000 	/System/Library/PrivateFrameworks/caulk.framework/Versions/A/caulk
0x00007fff4ba0c000 	/System/Library/PrivateFrameworks/BaseBoard.framework/Versions/A/BaseBoard
0x00007fff62b8c000 	/System/Library/PrivateFrameworks/RunningBoardServices.framework/Versions/A/RunningBoardServices
0x00007fff5fb9d000 	/System/Library/PrivateFrameworks/PersistentConnection.framework/Versions/A/PersistentConnection
0x00007fff62585000 	/System/Library/PrivateFrameworks/ProtocolBuffer.framework/Versions/A/ProtocolBuffer
0x00007fff4d676000 	/System/Library/PrivateFrameworks/CommonUtilities.framework/Versions/A/CommonUtilities
0x00007fff4bb9a000 	/System/Library/PrivateFrameworks/Bom.framework/Versions/A/Bom
0x00007fff6d392000 	/usr/lib/libAudioToolboxUtility.dylib
0x00007fff4b96a000 	/System/Library/PrivateFrameworks/Backup.framework/Versions/A/Backup
0x00007fff50748000 	/System/Library/PrivateFrameworks/CrashReporterSupport.framework/Versions/A/CrashReporterSupport
0x00007fff6461e000 	/System/Library/PrivateFrameworks/Sharing.framework/Versions/A/Sharing
0x00007fff49eae000 	/System/Library/PrivateFrameworks/Apple80211.framework/Versions/A/Apple80211
0x00007fff4b687000 	/System/Library/PrivateFrameworks/AuthKit.framework/Versions/A/AuthKit
0x00007fff50455000 	/System/Library/PrivateFrameworks/CoreUtils.framework/Versions/A/CoreUtils
0x00007fff38891000 	/System/Library/Frameworks/CoreWLAN.framework/Versions/A/CoreWLAN
0x00007fff394b5000 	/System/Library/Frameworks/IOBluetooth.framework/Versions/A/IOBluetooth
0x00007fff5d757000 	/System/Library/PrivateFrameworks/MobileKeyBag.framework/Versions/A/MobileKeyBag
0x00007fff4f25a000 	/System/Library/PrivateFrameworks/CorePhoneNumbers.framework/Versions/A/CorePhoneNumbers
0x00007fff4a29e000 	/System/Library/PrivateFrameworks/AppleIDAuthSupport.framework/Versions/A/AppleIDAuthSupport
0x00007fff3d1f9000 	/System/Library/Frameworks/Network.framework/Versions/A/Network
0x00007fff5bdf9000 	/System/Library/PrivateFrameworks/KeychainCircle.framework/Versions/A/KeychainCircle
0x00007fff362e2000 	/System/Library/Frameworks/CoreBluetooth.framework/Versions/A/CoreBluetooth
0x00007fff6669d000 	/System/Library/PrivateFrameworks/SpeechRecognitionCore.framework/Versions/A/SpeechRecognitionCore
0x000000010ea00000 	/Library/Java/JavaVirtualMachines/jdk-11.0.6.jdk/Contents/Home/lib/server/libjvm.dylib
0x000000010d8b9000 	/Library/Java/JavaVirtualMachines/jdk-11.0.6.jdk/Contents/Home/lib/libverify.dylib
0x000000010d8c5000 	/Library/Java/JavaVirtualMachines/jdk-11.0.6.jdk/Contents/Home/lib/libjava.dylib
0x000000010d8f5000 	/Library/Java/JavaVirtualMachines/jdk-11.0.6.jdk/Contents/Home/lib/libjdwp.dylib
0x000000010d975000 	/Library/Java/JavaVirtualMachines/jdk-11.0.6.jdk/Contents/Home/lib/libzip.dylib
0x000000010d97c000 	/Library/Java/JavaVirtualMachines/jdk-11.0.6.jdk/Contents/Home/lib/libjimage.dylib
0x000000010d99f000 	/Library/Java/JavaVirtualMachines/jdk-11.0.6.jdk/Contents/Home/lib/libdt_socket.dylib
0x000000010d9a5000 	/Library/Java/JavaVirtualMachines/jdk-11.0.6.jdk/Contents/Home/lib/libnio.dylib
0x000000010d9b3000 	/Library/Java/JavaVirtualMachines/jdk-11.0.6.jdk/Contents/Home/lib/libnet.dylib
0x0000000119da2000 	/Users/kevinchen/Documents/Code Files/Code VSCode/Programming_2020_InfRch/7167_InfiniteRecharge_2020_ActFNL2-Imported/build/tmp/jniExtractDir/libwpiHaljni.dylib
0x0000000119e26000 	/Users/kevinchen/Documents/Code Files/Code VSCode/Programming_2020_InfRch/7167_InfiniteRecharge_2020_ActFNL2-Imported/build/tmp/jniExtractDir/libwpiHal.dylib
0x0000000119f0a000 	/Users/kevinchen/Documents/Code Files/Code VSCode/Programming_2020_InfRch/7167_InfiniteRecharge_2020_ActFNL2-Imported/build/tmp/jniExtractDir/libwpiutil.dylib
0x00007fff320d8000 	/System/Library/Frameworks/AVFoundation.framework/Versions/A/AVFoundation
0x00007fff37a59000 	/System/Library/Frameworks/CoreMedia.framework/Versions/A/CoreMedia
0x00007fff322d4000 	/System/Library/Frameworks/AVFoundation.framework/Versions/A/Frameworks/AVFAudio.framework/Versions/A/AVFAudio
0x00007fff5cb75000 	/System/Library/PrivateFrameworks/MediaExperience.framework/Versions/A/MediaExperience
0x00007fff3b661000 	/System/Library/Frameworks/MediaToolbox.framework/Versions/A/MediaToolbox
0x00007fff4454b000 	/System/Library/Frameworks/VideoToolbox.framework/Versions/A/VideoToolbox
0x00007fff37b35000 	/System/Library/Frameworks/CoreMediaIO.framework/Versions/A/CoreMediaIO
0x00007fff6d385000 	/usr/lib/libAudioStatistics.dylib
0x00007fff6a8f4000 	/System/Library/PrivateFrameworks/perfdata.framework/Versions/A/perfdata
0x00007fff6f892000 	/usr/lib/libperfcheck.dylib
0x00007fff6d87d000 	/usr/lib/libSMC.dylib
0x00007fff4adf2000 	/System/Library/PrivateFrameworks/AudioResourceArbitration.framework/Versions/A/AudioResourceArbitration
0x00007fff6f948000 	/usr/lib/libspindump.dylib
0x00007fff4e16a000 	/System/Library/PrivateFrameworks/CoreAVCHD.framework/Versions/A/CoreAVCHD
0x00007fff3b58b000 	/System/Library/Frameworks/MediaAccessibility.framework/Versions/A/MediaAccessibility
0x00007fff5c909000 	/System/Library/PrivateFrameworks/Mangrove.framework/Versions/A/Mangrove
0x00007fff4dd94000 	/System/Library/PrivateFrameworks/CoreAUC.framework/Versions/A/CoreAUC
0x00007fff4a807000 	/System/Library/PrivateFrameworks/AppleVA.framework/Versions/A/AppleVA
0x0000000135210000 	/Users/kevinchen/Documents/Code Files/Code VSCode/Programming_2020_InfRch/7167_InfiniteRecharge_2020_ActFNL2-Imported/build/tmp/expandedArchives/halsim_gui-2021.2.2-osxx86-64.zip_f5561bcd7c4301ba6b8af8f98515ed37/osx/x86-64/shared/libhalsim_gui.dylib
0x000000011a11a000 	/Users/kevinchen/Documents/Code Files/Code VSCode/Programming_2020_InfRch/7167_InfiniteRecharge_2020_ActFNL2-Imported/build/tmp/jniExtractDir/libwpimath.dylib
0x000000011a33a000 	/Users/kevinchen/Documents/Code Files/Code VSCode/Programming_2020_InfRch/7167_InfiniteRecharge_2020_ActFNL2-Imported/build/tmp/jniExtractDir/libntcore.dylib
0x00007fff3be7c000 	/System/Library/Frameworks/MetalKit.framework/Versions/A/MetalKit
0x00007fff4fc73000 	/System/Library/PrivateFrameworks/CoreServicesInternal.framework/Versions/A/CoreServicesInternal
0x00007fff38db0000 	/System/Library/Frameworks/FileProvider.framework/Versions/A/FileProvider
0x00007fff33943000 	/System/Library/Frameworks/Accounts.framework/Versions/A/Accounts
0x00007fff5805d000 	/System/Library/PrivateFrameworks/GenerationalStorage.framework/Versions/A/GenerationalStorage
0x00007fff501fa000 	/System/Library/PrivateFrameworks/CoreSymbolication.framework/Versions/A/CoreSymbolication
0x00007fff66edf000 	/System/Library/PrivateFrameworks/SymptomDiagnosticReporter.framework/Versions/A/SymptomDiagnosticReporter
0x00007fff499b2000 	/System/Library/PrivateFrameworks/AppContainer.framework/Versions/A/AppContainer
0x00007fff6f8f0000 	/usr/lib/libsandbox.1.dylib
0x00007fff68851000 	/System/Library/PrivateFrameworks/UserManagement.framework/Versions/A/UserManagement
0x00007fff4c756000 	/System/Library/PrivateFrameworks/ChunkingLibrary.framework/Versions/A/ChunkingLibrary
0x00007fff5097c000 	/System/Library/PrivateFrameworks/DebugSymbols.framework/Versions/A/DebugSymbols
0x00007fff49a24000 	/System/Library/PrivateFrameworks/AppSandbox.framework/Versions/A/AppSandbox
0x00007fff644a8000 	/System/Library/PrivateFrameworks/SecCodeWrapper.framework/Versions/A/SecCodeWrapper
0x00007fff6d7a7000 	/usr/lib/libMatch.1.dylib
0x00007fff324c1000 	/System/Library/Frameworks/Accelerate.framework/Versions/A/Frameworks/vImage.framework/Versions/A/Libraries/libCGInterfaces.dylib
0x00007fff530f4000 	/System/Library/PrivateFrameworks/FontServices.framework/libTrueTypeScaler.dylib
0x00007fff30642000 	/System/Library/Extensions/AppleIntelSKLGraphicsMTLDriver.bundle/Contents/MacOS/AppleIntelSKLGraphicsMTLDriver
0x00007fff29b7b000 	/System/Library/Extensions/AMDMTLBronzeDriver.bundle/Contents/MacOS/AMDMTLBronzeDriver
0x00007fff5b59e000 	/System/Library/PrivateFrameworks/IOAccelMemoryInfo.framework/Versions/A/IOAccelMemoryInfo
0x00007fff5667d000 	/System/Library/PrivateFrameworks/GPUCompiler.framework/Versions/3902/Libraries/libmetal_timestamp.dylib
0x00007fff6961d000 	/System/Library/PrivateFrameworks/ViewBridge.framework/Versions/A/ViewBridge
0x00000001376ec000 	/usr/lib/libobjc-trampolines.dylib
0x00007fff6a8af000 	/System/Library/PrivateFrameworks/login.framework/Versions/A/login
0x0000000137b82000 	/Users/kevinchen/Documents/Code Files/Code VSCode/Programming_2020_InfRch/7167_InfiniteRecharge_2020_ActFNL2-Imported/build/tmp/jniExtractDir/libcscorejni.dylib
0x0000000137bb2000 	/Users/kevinchen/Documents/Code Files/Code VSCode/Programming_2020_InfRch/7167_InfiniteRecharge_2020_ActFNL2-Imported/build/tmp/jniExtractDir/libcscore.dylib
0x0000000137c4e000 	/Users/kevinchen/Documents/Code Files/Code VSCode/Programming_2020_InfRch/7167_InfiniteRecharge_2020_ActFNL2-Imported/build/tmp/jniExtractDir/libopencv_superres.3.4.dylib
0x0000000137c7a000 	/Users/kevinchen/Documents/Code Files/Code VSCode/Programming_2020_InfRch/7167_InfiniteRecharge_2020_ActFNL2-Imported/build/tmp/jniExtractDir/libopencv_videostab.3.4.dylib
0x0000000137cd2000 	/Users/kevinchen/Documents/Code Files/Code VSCode/Programming_2020_InfRch/7167_InfiniteRecharge_2020_ActFNL2-Imported/build/tmp/jniExtractDir/libopencv_videoio.3.4.dylib
0x0000000137d22000 	/Users/kevinchen/Documents/Code Files/Code VSCode/Programming_2020_InfRch/7167_InfiniteRecharge_2020_ActFNL2-Imported/build/tmp/jniExtractDir/libopencv_highgui.3.4.dylib
0x0000000137d46000 	/Users/kevinchen/Documents/Code Files/Code VSCode/Programming_2020_InfRch/7167_InfiniteRecharge_2020_ActFNL2-Imported/build/tmp/jniExtractDir/libopencv_objdetect.3.4.dylib
0x0000000137dc2000 	/Users/kevinchen/Documents/Code Files/Code VSCode/Programming_2020_InfRch/7167_InfiniteRecharge_2020_ActFNL2-Imported/build/tmp/jniExtractDir/libopencv_imgcodecs.3.4.dylib
0x0000000137ea2000 	/Users/kevinchen/Documents/Code Files/Code VSCode/Programming_2020_InfRch/7167_InfiniteRecharge_2020_ActFNL2-Imported/build/tmp/jniExtractDir/libopencv_video.3.4.dylib
0x0000000137f0a000 	/Users/kevinchen/Documents/Code Files/Code VSCode/Programming_2020_InfRch/7167_InfiniteRecharge_2020_ActFNL2-Imported/build/tmp/jniExtractDir/libopencv_photo.3.4.dylib
0x0000000137fea000 	/Users/kevinchen/Documents/Code Files/Code VSCode/Programming_2020_InfRch/7167_InfiniteRecharge_2020_ActFNL2-Imported/build/tmp/jniExtractDir/libopencv_shape.3.4.dylib
0x000000013802e000 	/Users/kevinchen/Documents/Code Files/Code VSCode/Programming_2020_InfRch/7167_InfiniteRecharge_2020_ActFNL2-Imported/build/tmp/jniExtractDir/libopencv_imgproc.3.4.dylib
0x00000001385c6000 	/Users/kevinchen/Documents/Code Files/Code VSCode/Programming_2020_InfRch/7167_InfiniteRecharge_2020_ActFNL2-Imported/build/tmp/jniExtractDir/libopencv_flann.3.4.dylib
0x000000013863e000 	/Users/kevinchen/Documents/Code Files/Code VSCode/Programming_2020_InfRch/7167_InfiniteRecharge_2020_ActFNL2-Imported/build/tmp/jniExtractDir/libopencv_features2d.3.4.dylib
0x00000001386fe000 	/Users/kevinchen/Documents/Code Files/Code VSCode/Programming_2020_InfRch/7167_InfiniteRecharge_2020_ActFNL2-Imported/build/tmp/jniExtractDir/libopencv_ml.3.4.dylib
0x00000001387da000 	/Users/kevinchen/Documents/Code Files/Code VSCode/Programming_2020_InfRch/7167_InfiniteRecharge_2020_ActFNL2-Imported/build/tmp/jniExtractDir/libopencv_calib3d.3.4.dylib
0x00000001389ce000 	/Users/kevinchen/Documents/Code Files/Code VSCode/Programming_2020_InfRch/7167_InfiniteRecharge_2020_ActFNL2-Imported/build/tmp/jniExtractDir/libopencv_core.3.4.dylib
0x0000000138d82000 	/Users/kevinchen/Documents/Code Files/Code VSCode/Programming_2020_InfRch/7167_InfiniteRecharge_2020_ActFNL2-Imported/build/tmp/jniExtractDir/libopencv_stitching.3.4.dylib
0x000000013e1eb000 	/Users/kevinchen/Documents/Code Files/Code VSCode/Programming_2020_InfRch/7167_InfiniteRecharge_2020_ActFNL2-Imported/build/tmp/jniExtractDir/libntcorejni.dylib


VM Arguments:
jvm_args: -agentlib:jdwp=transport=dt_socket,server=n,suspend=y,address=localhost:49541 -Djava.library.path=/Users/kevinchen/Documents/Code Files/Code VSCode/Programming_2020_InfRch/7167_InfiniteRecharge_2020_ActFNL2-Imported/build/tmp/jniExtractDir -Dfile.encoding=UTF-8 
java_command: frc.robot.Main
java_class_path (initial): /Users/kevinchen/Documents/Code Files/Code VSCode/Programming_2020_InfRch/7167_InfiniteRecharge_2020_ActFNL2-Imported/bin/main:/Users/kevinchen/wpilib/2021/maven/edu/wpi/first/wpilibj/wpilibj-java/2021.2.2/wpilibj-java-2021.2.2.jar:/Users/kevinchen/wpilib/2021/maven/edu/wpi/first/wpimath/wpimath-java/2021.2.2/wpimath-java-2021.2.2.jar:/Users/kevinchen/wpilib/2021/maven/edu/wpi/first/ntcore/ntcore-java/2021.2.2/ntcore-java-2021.2.2.jar:/Users/kevinchen/wpilib/2021/maven/edu/wpi/first/wpiutil/wpiutil-java/2021.2.2/wpiutil-java-2021.2.2.jar:/Users/kevinchen/wpilib/2021/maven/edu/wpi/first/thirdparty/frc2021/opencv/opencv-java/3.4.7-5/opencv-java-3.4.7-5.jar:/Users/kevinchen/wpilib/2021/maven/edu/wpi/first/cscore/cscore-java/2021.2.2/cscore-java-2021.2.2.jar:/Users/kevinchen/wpilib/2021/maven/edu/wpi/first/cameraserver/cameraserver-java/2021.2.2/cameraserver-java-2021.2.2.jar:/Users/kevinchen/wpilib/2021/maven/edu/wpi/first/hal/hal-java/2021.2.2/hal-java-2021.2.2.jar:/Users/kevinchen/wpilib/2021/maven/org/ejml/ejml-simple/0.38/ejml-simple-0.38.jar:/Users/kevinchen/wpilib/2021/maven/com/fasterxml/jackson/core/jackson-databind/2.10.0/jackson-databind-2.10.0.jar:/Users/kevinchen/wpilib/2021/maven/com/fasterxml/jackson/core/jackson-annotations/2.10.0/jackson-annotations-2.10.0.jar:/Users/kevinchen/wpilib/2021/maven/com/fasterxml/jackson/core/jackson-core/2.10.0/jackson-core-2.10.0.jar:/Users/kevinchen/.gradle/caches/modules-2/files-2.1/com.github.juchong/adis16470-java/2020.r4/e9a9c84bc93fe33210f9ee907a8b5bd51729523f/adis16470-java-2020.r4.jar:/Users/kevinchen/wpilib/2021/maven/edu/wpi/first/wpilibNewCommands/wpilibNewCommands-java/2021.2.2/wpilibNewCommands-java-2021.2.2.jar:/Users/kevinchen/.gradle/caches/modules-2/files-2.1/com.revrobotics.frc/ColorSensorV3-java/1.2.0/7f826534509b7098644aff649a368df59dbea42f/ColorSensorV3-java-1.2.0.jar:/Users/kevinchen/wpilib/2021/maven/org/ejml/ejml-fdense/0.38/ejml-fdense-0.38.jar:/Users/kevinchen/wpilib/2
Launcher Type: SUN_STANDARD

[Global flags]
     intx CICompilerCount                          = 4                                         {product} {ergonomic}
     uint ConcGCThreads                            = 2                                         {product} {ergonomic}
     uint G1ConcRefinementThreads                  = 8                                         {product} {ergonomic}
   size_t G1HeapRegionSize                         = 1048576                                   {product} {ergonomic}
    uintx GCDrainStackTargetSize                   = 64                                        {product} {ergonomic}
   size_t InitialHeapSize                          = 268435456                                 {product} {ergonomic}
   size_t MarkStackSize                            = 4194304                                   {product} {ergonomic}
   size_t MaxHeapSize                              = 4294967296                                {product} {ergonomic}
   size_t MaxNewSize                               = 2576351232                                {product} {ergonomic}
   size_t MinHeapDeltaBytes                        = 1048576                                   {product} {ergonomic}
    uintx NonNMethodCodeHeapSize                   = 5836300                                {pd product} {ergonomic}
    uintx NonProfiledCodeHeapSize                  = 122910970                              {pd product} {ergonomic}
    uintx ProfiledCodeHeapSize                     = 122910970                              {pd product} {ergonomic}
    uintx ReservedCodeCacheSize                    = 251658240                              {pd product} {ergonomic}
     bool SegmentedCodeCache                       = true                                      {product} {ergonomic}
     bool UseCompressedClassPointers               = true                                 {lp64_product} {ergonomic}
     bool UseCompressedOops                        = true                                 {lp64_product} {ergonomic}
     bool UseG1GC                                  = true                                      {product} {ergonomic}

Logging:
Log output configuration:
 #0: stdout all=warning uptime,level,tags
 #1: stderr all=off uptime,level,tags

Environment Variables:
PATH=/Library/Frameworks/Python.framework/Versions/3.7/bin:/usr/local/bin:/usr/bin:/bin:/usr/sbin:/sbin:/Library/Frameworks/Mono.framework/Versions/Current/Commands
LD_LIBRARY_PATH=/Users/kevinchen/Documents/Code Files/Code VSCode/Programming_2020_InfRch/7167_InfiniteRecharge_2020_ActFNL2-Imported/build/tmp/jniExtractDir
SHELL=/bin/bash
DYLD_LIBRARY_PATH=/Users/kevinchen/Documents/Code Files/Code VSCode/Programming_2020_InfRch/7167_InfiniteRecharge_2020_ActFNL2-Imported/build/tmp/jniExtractDir

Signal Handlers:
SIGSEGV: [libjvm.dylib+0x73ea04], sa_mask[0]=11111111011111110111111111111111, sa_flags=SA_ONSTACK|SA_RESTART|SA_SIGINFO
SIGBUS: [libjvm.dylib+0x73ea04], sa_mask[0]=11111111011111110111111111111111, sa_flags=SA_RESTART|SA_SIGINFO
SIGFPE: [libjvm.dylib+0x73ea04], sa_mask[0]=11111111011111110111111111111111, sa_flags=SA_RESTART|SA_SIGINFO
SIGPIPE: SIG_IGN, sa_mask[0]=00000000000000000000000000000000, sa_flags=SA_RESTART
SIGXFSZ: [libjvm.dylib+0x5f1e1f], sa_mask[0]=11111111011111110111111111111111, sa_flags=SA_RESTART|SA_SIGINFO
SIGILL: [libjvm.dylib+0x73ea04], sa_mask[0]=11111111011111110111111111111111, sa_flags=SA_RESTART|SA_SIGINFO
SIGUSR2: [libjvm.dylib+0x5f2409], sa_mask[0]=00000000000000000000000000000000, sa_flags=SA_RESTART|SA_SIGINFO
SIGHUP: [libjvm.dylib+0x5f0e67], sa_mask[0]=11111111011111110111111111111111, sa_flags=SA_RESTART|SA_SIGINFO
SIGINT: [libjvm.dylib+0x5f0e67], sa_mask[0]=11111111011111110111111111111111, sa_flags=SA_RESTART|SA_SIGINFO
SIGTERM: [libjvm.dylib+0x5f0e67], sa_mask[0]=11111111011111110111111111111111, sa_flags=SA_RESTART|SA_SIGINFO
SIGQUIT: [libjvm.dylib+0x5f0e67], sa_mask[0]=11111111011111110111111111111111, sa_flags=SA_RESTART|SA_SIGINFO


---------------  S Y S T E M  ---------------

OS:uname:Darwin 19.6.0 Darwin Kernel Version 19.6.0: Tue Jan 12 22:13:05 PST 2021; root:xnu-6153.141.16~1/RELEASE_X86_64 x86_64
rlimit: STACK 8192k, CORE 0k, NPROC 2784, NOFILE 10240, AS infinity, DATA infinity, FSIZE infinity
load average:4.00 3.10 2.76

CPU:total 8 (initial active 8) (4 cores per cpu, 2 threads per core) family 6 model 94 stepping 3, cmov, cx8, fxsr, mmx, sse, sse2, sse3, ssse3, sse4.1, sse4.2, popcnt, avx, avx2, aes, clmul, erms, rtm, 3dnowpref, lzcnt, ht, tsc, tscinvbit, bmi1, bmi2, adx, fma

Memory: 4k page, physical 16777216k(2983968k free)

vm_info: Java HotSpot(TM) 64-Bit Server VM (11.0.6+8-LTS) for bsd-amd64 JRE (11.0.6+8-LTS), built on Dec 11 2019 09:19:47 by "mach5one" with gcc 4.2.1 Compatible Apple LLVM 10.0.0 (clang-1000.11.45.5)

END.
